#
# There is insufficient memory for the Java Runtime Environment to continue.
# Native memory allocation (malloc) failed to allocate 32744 bytes. Error detail: Chunk::new
# Possible reasons:
#   The system is out of physical RAM or swap space
#   This process is running with CompressedOops enabled, and the Java Heap may be blocking the growth of the native heap
# Possible solutions:
#   Reduce memory load on the system
#   Increase physical memory or swap space
#   Check if swap backing store is full
#   Decrease Java heap size (-Xmx/-Xms)
#   Decrease number of Java threads
#   Decrease Java thread stack sizes (-Xss)
#   Set larger code cache with -XX:ReservedCodeCacheSize=
#   JVM is running with Unscaled Compressed Oops mode in which the Java heap is
#     placed in the first 4GB address space. The Java Heap base address is the
#     maximum limit for the native heap growth. Please use -XX:HeapBaseMinAddress
#     to set the Java Heap base and to place the Java Heap above 4GB virtual address.
# This output file may be truncated or incomplete.
#
#  Out of Memory Error (arena.cpp:168), pid=8120, tid=4496
#
# JRE version: OpenJDK Runtime Environment (21.0.6) (build 21.0.6+-13355223-b631.42)
# Java VM: OpenJDK 64-Bit Server VM (21.0.6+-13355223-b631.42, mixed mode, tiered, compressed oops, compressed class ptrs, g1 gc, windows-amd64)
# No core dump will be written. Minidumps are not enabled by default on client versions of Windows
#

---------------  S U M M A R Y ------------

Command Line: --add-opens=java.base/java.lang=ALL-UNNAMED --add-opens=java.base/java.lang.invoke=ALL-UNNAMED --add-opens=java.base/java.util=ALL-UNNAMED --add-opens=java.prefs/java.util.prefs=ALL-UNNAMED --add-exports=jdk.compiler/com.sun.tools.javac.api=ALL-UNNAMED --add-exports=jdk.compiler/com.sun.tools.javac.util=ALL-UNNAMED --add-opens=java.base/java.util=ALL-UNNAMED --add-opens=java.prefs/java.util.prefs=ALL-UNNAMED --add-opens=java.base/java.nio.charset=ALL-UNNAMED --add-opens=java.base/java.net=ALL-UNNAMED --add-opens=java.base/java.util.concurrent.atomic=ALL-UNNAMED --add-opens=java.xml/javax.xml.namespace=ALL-UNNAMED -Xmx2048m -Dfile.encoding=UTF-8 -Duser.country=RU -Duser.language=ru -Duser.variant -javaagent:C:\Users\flmng\.gradle\wrapper\dists\gradle-8.11.1-bin\bpt9gzteqjrbo1mjrsomdt32c\gradle-8.11.1\lib\agents\gradle-instrumentation-agent-8.11.1.jar org.gradle.launcher.daemon.bootstrap.GradleDaemon 8.11.1

Host: Intel(R) Pentium(R) 3805U @ 1.90GHz, 2 cores, 11G,  Windows 10 , 64 bit Build 19041 (10.0.19041.5678)
Time: Wed May  7 03:09:18 2025 RTZ 2 (s 10 , 64 bit Build 19041 (10.0.19041.5678) elapsed time: 2870.179893 seconds (0d 0h 47m 50s)

---------------  T H R E A D  ---------------

Current thread (0x000001b97eee8960):  JavaThread "C2 CompilerThread0" daemon [_thread_in_native, id=4496, stack(0x000000b50e500000,0x000000b50e600000) (1024K)]


Current CompileTask:
C2:2870179 26528       4       com.android.tools.r8.internal.cn::a (3327 bytes)

Stack: [0x000000b50e500000,0x000000b50e600000]
Native frames: (J=compiled Java code, j=interpreted, Vv=VM code, C=native code)
V  [jvm.dll+0x6d05a9]
V  [jvm.dll+0x85ea73]
V  [jvm.dll+0x860fce]
V  [jvm.dll+0x8616b3]
V  [jvm.dll+0x27e6e6]
V  [jvm.dll+0xbff6d]
V  [jvm.dll+0xc04a3]
V  [jvm.dll+0x3bb578]
V  [jvm.dll+0x5db588]
V  [jvm.dll+0x5da641]
V  [jvm.dll+0x5daeb2]
V  [jvm.dll+0x3820c6]
V  [jvm.dll+0x38150a]
V  [jvm.dll+0x247c82]
V  [jvm.dll+0x247251]
V  [jvm.dll+0x1c5f04]
V  [jvm.dll+0x2569ac]
V  [jvm.dll+0x254ef6]
V  [jvm.dll+0x3f0e56]
V  [jvm.dll+0x806e48]
V  [jvm.dll+0x6cee7d]
C  [ucrtbase.dll+0x21bb2]
C  [KERNEL32.DLL+0x17374]
C  [ntdll.dll+0x4cc91]


---------------  P R O C E S S  ---------------

Threads class SMR info:
_java_thread_list=0x000001b9174e7110, length=47, elements={
0x000001b979371c50, 0x000001b97eefcc40, 0x000001b97eeffa60, 0x000001b97ef00950,
0x000001b97eee5730, 0x000001b97eee6180, 0x000001b97eee6bd0, 0x000001b97eee8960,
0x000001b97ef15d30, 0x000001b97eccf8d0, 0x000001b97f23cd20, 0x000001b9151ad6f0,
0x000001b915510e70, 0x000001b97f35e690, 0x000001b915704810, 0x000001b915702740,
0x000001b915703460, 0x000001b915704ea0, 0x000001b915703af0, 0x000001b915704180,
0x000001b9164733a0, 0x000001b917f8f0f0, 0x000001b9174b3880, 0x000001b9174b9460,
0x000001b9174b5fe0, 0x000001b9174b5950, 0x000001b9174b8740, 0x000001b9174b8dd0,
0x000001b9174b45a0, 0x000001b9174b6d00, 0x000001b9174b6670, 0x000001b9174b9af0,
0x000001b9174ba180, 0x000001b9174b31f0, 0x000001b9174b4c30, 0x000001b9174b52c0,
0x000001b9174b7390, 0x000001b91860cd80, 0x000001b918609f90, 0x000001b918607830,
0x000001b918608550, 0x000001b91860b340, 0x000001b920e47a40, 0x000001b920e4bbe0,
0x000001b920e49b10, 0x000001b920e48df0, 0x000001b920e4d620
}

Java Threads: ( => current thread )
  0x000001b979371c50 JavaThread "main"                              [_thread_blocked, id=4248, stack(0x000000b50d700000,0x000000b50d800000) (1024K)]
  0x000001b97eefcc40 JavaThread "Reference Handler"          daemon [_thread_blocked, id=3884, stack(0x000000b50df00000,0x000000b50e000000) (1024K)]
  0x000001b97eeffa60 JavaThread "Finalizer"                  daemon [_thread_blocked, id=13340, stack(0x000000b50e000000,0x000000b50e100000) (1024K)]
  0x000001b97ef00950 JavaThread "Signal Dispatcher"          daemon [_thread_blocked, id=11184, stack(0x000000b50e100000,0x000000b50e200000) (1024K)]
  0x000001b97eee5730 JavaThread "Attach Listener"            daemon [_thread_blocked, id=12224, stack(0x000000b50e200000,0x000000b50e300000) (1024K)]
  0x000001b97eee6180 JavaThread "Service Thread"             daemon [_thread_blocked, id=12476, stack(0x000000b50e300000,0x000000b50e400000) (1024K)]
  0x000001b97eee6bd0 JavaThread "Monitor Deflation Thread"   daemon [_thread_blocked, id=5724, stack(0x000000b50e400000,0x000000b50e500000) (1024K)]
=>0x000001b97eee8960 JavaThread "C2 CompilerThread0"         daemon [_thread_in_native, id=4496, stack(0x000000b50e500000,0x000000b50e600000) (1024K)]
  0x000001b97ef15d30 JavaThread "C1 CompilerThread0"         daemon [_thread_blocked, id=11440, stack(0x000000b50e600000,0x000000b50e700000) (1024K)]
  0x000001b97eccf8d0 JavaThread "Common-Cleaner"             daemon [_thread_blocked, id=12732, stack(0x000000b50e700000,0x000000b50e800000) (1024K)]
  0x000001b97f23cd20 JavaThread "Notification Thread"        daemon [_thread_blocked, id=5972, stack(0x000000b50e800000,0x000000b50e900000) (1024K)]
  0x000001b9151ad6f0 JavaThread "Daemon health stats"               [_thread_blocked, id=13668, stack(0x000000b50ea00000,0x000000b50eb00000) (1024K)]
  0x000001b915510e70 JavaThread "Incoming local TCP Connector on port 57160"        [_thread_in_native, id=10996, stack(0x000000b50eb00000,0x000000b50ec00000) (1024K)]
  0x000001b97f35e690 JavaThread "Daemon periodic checks"            [_thread_blocked, id=11300, stack(0x000000b50ec00000,0x000000b50ed00000) (1024K)]
  0x000001b915704810 JavaThread "Cache worker for journal cache (C:\Users\flmng\.gradle\caches\journal-1)"        [_thread_blocked, id=12848, stack(0x000000b50f400000,0x000000b50f500000) (1024K)]
  0x000001b915702740 JavaThread "File lock request listener"        [_thread_in_native, id=11296, stack(0x000000b50f500000,0x000000b50f600000) (1024K)]
  0x000001b915703460 JavaThread "Cache worker for file hash cache (C:\Users\flmng\.gradle\caches\8.11.1\fileHashes)"        [_thread_blocked, id=9512, stack(0x000000b50f600000,0x000000b50f700000) (1024K)]
  0x000001b915704ea0 JavaThread "Cache worker for file content cache (C:\Users\flmng\.gradle\caches\8.11.1\fileContent)"        [_thread_blocked, id=12960, stack(0x000000b50f700000,0x000000b50f800000) (1024K)]
  0x000001b915703af0 JavaThread "File watcher server"        daemon [_thread_in_native, id=9360, stack(0x000000b50fa00000,0x000000b50fb00000) (1024K)]
  0x000001b915704180 JavaThread "File watcher consumer"      daemon [_thread_blocked, id=9144, stack(0x000000b50fb00000,0x000000b50fc00000) (1024K)]
  0x000001b9164733a0 JavaThread "Memory manager"                    [_thread_blocked, id=756, stack(0x000000b510000000,0x000000b510100000) (1024K)]
  0x000001b917f8f0f0 JavaThread "Cache worker for Java compile cache (C:\Users\flmng\.gradle\caches\8.11.1\javaCompile)"        [_thread_blocked, id=13928, stack(0x000000b511900000,0x000000b511a00000) (1024K)]
  0x000001b9174b3880 JavaThread "Daemon Thread 5"                   [_thread_blocked, id=2284, stack(0x000000b50d400000,0x000000b50d500000) (1024K)]
  0x000001b9174b9460 JavaThread "Handler for socket connection from /127.0.0.1:57160 to /127.0.0.1:57292"        [_thread_in_native, id=2420, stack(0x000000b50d500000,0x000000b50d600000) (1024K)]
  0x000001b9174b5fe0 JavaThread "Cancel handler"                    [_thread_blocked, id=6712, stack(0x000000b50d600000,0x000000b50d700000) (1024K)]
  0x000001b9174b5950 JavaThread "Daemon worker Thread 5"            [_thread_blocked, id=2544, stack(0x000000b50ed00000,0x000000b50ee00000) (1024K)]
  0x000001b9174b8740 JavaThread "Asynchronous log dispatcher for DefaultDaemonConnection: socket connection from /127.0.0.1:57160 to /127.0.0.1:57292"        [_thread_blocked, id=10712, stack(0x000000b50ee00000,0x000000b50ef00000) (1024K)]
  0x000001b9174b8dd0 JavaThread "Stdin handler"                     [_thread_blocked, id=2648, stack(0x000000b50ef00000,0x000000b50f000000) (1024K)]
  0x000001b9174b45a0 JavaThread "Daemon client event forwarder"        [_thread_blocked, id=3528, stack(0x000000b50f000000,0x000000b50f100000) (1024K)]
  0x000001b9174b6d00 JavaThread "Cache worker for file hash cache (C:\Users\flmng\AndroidStudioProjects\MyApplication\.gradle\8.11.1\fileHashes)"        [_thread_blocked, id=8772, stack(0x000000b50f100000,0x000000b50f200000) (1024K)]
  0x000001b9174b6670 JavaThread "Cache worker for Build Output Cleanup Cache (C:\Users\flmng\AndroidStudioProjects\MyApplication\.gradle\buildOutputCleanup)"        [_thread_blocked, id=5532, stack(0x000000b50f200000,0x000000b50f300000) (1024K)]
  0x000001b9174b9af0 JavaThread "Cache worker for checksums cache (C:\Users\flmng\AndroidStudioProjects\MyApplication\.gradle\8.11.1\checksums)"        [_thread_blocked, id=9312, stack(0x000000b50f300000,0x000000b50f400000) (1024K)]
  0x000001b9174ba180 JavaThread "Cache worker for cache directory md-rule (C:\Users\flmng\.gradle\caches\8.11.1\md-rule)"        [_thread_blocked, id=6052, stack(0x000000b50f800000,0x000000b50f900000) (1024K)]
  0x000001b9174b31f0 JavaThread "Cache worker for cache directory md-supplier (C:\Users\flmng\.gradle\caches\8.11.1\md-supplier)"        [_thread_blocked, id=5144, stack(0x000000b50f900000,0x000000b50fa00000) (1024K)]
  0x000001b9174b4c30 JavaThread "Unconstrained build operations"        [_thread_blocked, id=3136, stack(0x000000b50fc00000,0x000000b50fd00000) (1024K)]
  0x000001b9174b52c0 JavaThread "Unconstrained build operations Thread 2"        [_thread_blocked, id=14140, stack(0x000000b50fd00000,0x000000b50fe00000) (1024K)]
  0x000001b9174b7390 JavaThread "build event listener"              [_thread_blocked, id=12012, stack(0x000000b50fe00000,0x000000b50ff00000) (1024K)]
  0x000001b91860cd80 JavaThread "included builds"                   [_thread_in_native, id=4460, stack(0x000000b50ff00000,0x000000b510000000) (1024K)]
  0x000001b918609f90 JavaThread "Execution worker"                  [_thread_blocked, id=7044, stack(0x000000b510100000,0x000000b510200000) (1024K)]
  0x000001b918607830 JavaThread "Cache worker for execution history cache (C:\Users\flmng\AndroidStudioProjects\MyApplication\.gradle\8.11.1\executionHistory)"        [_thread_blocked, id=6992, stack(0x000000b510200000,0x000000b510300000) (1024K)]
  0x000001b918608550 JavaThread "WorkerExecutor Queue"              [_thread_blocked, id=13148, stack(0x000000b510300000,0x000000b510400000) (1024K)]
  0x000001b91860b340 JavaThread "Unconstrained build operations Thread 3"        [_thread_blocked, id=10348, stack(0x000000b510400000,0x000000b510500000) (1024K)]
  0x000001b920e47a40 JavaThread "WorkerExecutor Queue Thread 3"        [_thread_blocked, id=13796, stack(0x000000b510600000,0x000000b510700000) (1024K)]
  0x000001b920e4bbe0 JavaThread "Unconstrained build operations Thread 4"        [_thread_blocked, id=4724, stack(0x000000b510700000,0x000000b510800000) (1024K)]
  0x000001b920e49b10 JavaThread "Unconstrained build operations Thread 5"        [_thread_blocked, id=11272, stack(0x000000b510b00000,0x000000b510c00000) (1024K)]
  0x000001b920e48df0 JavaThread "ForkJoinPool-1-worker-1"    daemon [_thread_blocked, id=13788, stack(0x000000b510500000,0x000000b510600000) (1024K)]
  0x000001b920e4d620 JavaThread "ForkJoinPool-1-worker-2"    daemon [_thread_in_vm, id=8424, stack(0x000000b510800000,0x000000b510900000) (1024K)]
Total: 47

Other Threads:
  0x000001b97ee6b050 VMThread "VM Thread"                           [id=11464, stack(0x000000b50de00000,0x000000b50df00000) (1024K)]
  0x000001b97ecce8f0 WatcherThread "VM Periodic Task Thread"        [id=12388, stack(0x000000b50dd00000,0x000000b50de00000) (1024K)]
  0x000001b97714e060 WorkerThread "GC Thread#0"                     [id=9632, stack(0x000000b50d800000,0x000000b50d900000) (1024K)]
  0x000001b97f2fb050 WorkerThread "GC Thread#1"                     [id=9192, stack(0x000000b50e900000,0x000000b50ea00000) (1024K)]
  0x000001b9793d3ee0 ConcurrentGCThread "G1 Main Marker"            [id=11536, stack(0x000000b50d900000,0x000000b50da00000) (1024K)]
  0x000001b9793d5900 WorkerThread "G1 Conc#0"                       [id=14236, stack(0x000000b50da00000,0x000000b50db00000) (1024K)]
  0x000001b97942e900 ConcurrentGCThread "G1 Refine#0"               [id=11532, stack(0x000000b50db00000,0x000000b50dc00000) (1024K)]
  0x000001b97eb9bb10 ConcurrentGCThread "G1 Service"                [id=12940, stack(0x000000b50dc00000,0x000000b50dd00000) (1024K)]
Total: 8

Threads with active compile tasks:
C2 CompilerThread0  2870229 26528       4       com.android.tools.r8.internal.cn::a (3327 bytes)
Total: 1

VM state: not at safepoint (normal execution)

VM Mutex/Monitor currently owned by a thread:  ([mutex/lock_event])
[0x00007ffe5fa0ce20] MethodCompileQueue_lock - owner thread: 0x000001b920e4d620

Heap address: 0x0000000080000000, size: 2048 MB, Compressed Oops mode: 32-bit

CDS archive(s) not mapped
Compressed class space mapped at: 0x0000000100000000-0x0000000140000000, reserved size: 1073741824
Narrow klass base: 0x0000000000000000, Narrow klass shift: 3, Narrow klass range: 0x140000000

GC Precious Log:
 CardTable entry size: 512
 Card Set container configuration: InlinePtr #cards 5 size 8 Array Of Cards #cards 12 size 40 Howl #buckets 4 coarsen threshold 1843 Howl Bitmap #cards 512 size 80 coarsen threshold 460 Card regions per heap region 1 cards per card region 2048
 CPUs: 2 total, 2 available
 Memory: 12203M
 Large Page Support: Disabled
 NUMA Support: Disabled
 Compressed Oops: Enabled (32-bit)
 Heap Region Size: 1M
 Heap Min Capacity: 8M
 Heap Initial Capacity: 192M
 Heap Max Capacity: 2G
 Pre-touch: Disabled
 Parallel Workers: 2
 Concurrent Workers: 1
 Concurrent Refinement Workers: 2
 Periodic GC: Disabled

Heap:
 garbage-first heap   total 303104K, used 271360K [0x0000000080000000, 0x0000000100000000)
  region size 1024K, 104 young (106496K), 10 survivors (10240K)
 Metaspace       used 139797K, committed 142208K, reserved 1179648K
  class space    used 18057K, committed 19520K, reserved 1048576K

Heap Regions: E=young(eden), S=young(survivor), O=old, HS=humongous(starts), HC=humongous(continues), CS=collection set, F=free, TAMS=top-at-mark-start, PB=parsable bottom
|   0|0x0000000080000000, 0x0000000080100000, 0x0000000080100000|100%| O|  |TAMS 0x0000000080000000| PB 0x0000000080000000| Untracked 
|   1|0x0000000080100000, 0x0000000080200000, 0x0000000080200000|100%| O|  |TAMS 0x0000000080100000| PB 0x0000000080100000| Untracked 
|   2|0x0000000080200000, 0x0000000080300000, 0x0000000080300000|100%|HS|  |TAMS 0x0000000080200000| PB 0x0000000080200000| Complete 
|   3|0x0000000080300000, 0x0000000080400000, 0x0000000080400000|100%|HC|  |TAMS 0x0000000080300000| PB 0x0000000080300000| Complete 
|   4|0x0000000080400000, 0x0000000080500000, 0x0000000080500000|100%|HC|  |TAMS 0x0000000080400000| PB 0x0000000080400000| Complete 
|   5|0x0000000080500000, 0x0000000080600000, 0x0000000080600000|100%|HS|  |TAMS 0x0000000080500000| PB 0x0000000080500000| Complete 
|   6|0x0000000080600000, 0x0000000080700000, 0x0000000080700000|100%| O|  |TAMS 0x0000000080600000| PB 0x0000000080600000| Untracked 
|   7|0x0000000080700000, 0x0000000080800000, 0x0000000080800000|100%| O|  |TAMS 0x0000000080700000| PB 0x0000000080700000| Untracked 
|   8|0x0000000080800000, 0x0000000080900000, 0x0000000080900000|100%| O|  |TAMS 0x0000000080800000| PB 0x0000000080800000| Untracked 
|   9|0x0000000080900000, 0x0000000080a00000, 0x0000000080a00000|100%| O|  |TAMS 0x0000000080900000| PB 0x0000000080900000| Untracked 
|  10|0x0000000080a00000, 0x0000000080b00000, 0x0000000080b00000|100%| O|  |TAMS 0x0000000080a00000| PB 0x0000000080a00000| Untracked 
|  11|0x0000000080b00000, 0x0000000080c00000, 0x0000000080c00000|100%| O|  |TAMS 0x0000000080b00000| PB 0x0000000080b00000| Untracked 
|  12|0x0000000080c00000, 0x0000000080d00000, 0x0000000080d00000|100%| O|  |TAMS 0x0000000080c00000| PB 0x0000000080c00000| Untracked 
|  13|0x0000000080d00000, 0x0000000080e00000, 0x0000000080e00000|100%| O|  |TAMS 0x0000000080d00000| PB 0x0000000080d00000| Untracked 
|  14|0x0000000080e00000, 0x0000000080f00000, 0x0000000080f00000|100%| O|  |TAMS 0x0000000080e00000| PB 0x0000000080e00000| Untracked 
|  15|0x0000000080f00000, 0x0000000081000000, 0x0000000081000000|100%| O|  |TAMS 0x0000000080f00000| PB 0x0000000080f00000| Untracked 
|  16|0x0000000081000000, 0x0000000081100000, 0x0000000081100000|100%| O|  |TAMS 0x0000000081000000| PB 0x0000000081000000| Untracked 
|  17|0x0000000081100000, 0x0000000081200000, 0x0000000081200000|100%| O|  |TAMS 0x0000000081100000| PB 0x0000000081100000| Untracked 
|  18|0x0000000081200000, 0x0000000081300000, 0x0000000081300000|100%| O|  |TAMS 0x0000000081200000| PB 0x0000000081200000| Untracked 
|  19|0x0000000081300000, 0x0000000081400000, 0x0000000081400000|100%| O|  |TAMS 0x0000000081300000| PB 0x0000000081300000| Untracked 
|  20|0x0000000081400000, 0x0000000081500000, 0x0000000081500000|100%| O|  |TAMS 0x0000000081400000| PB 0x0000000081400000| Untracked 
|  21|0x0000000081500000, 0x0000000081600000, 0x0000000081600000|100%|HS|  |TAMS 0x0000000081500000| PB 0x0000000081500000| Complete 
|  22|0x0000000081600000, 0x0000000081700000, 0x0000000081700000|100%| O|  |TAMS 0x0000000081600000| PB 0x0000000081600000| Untracked 
|  23|0x0000000081700000, 0x0000000081800000, 0x0000000081800000|100%| O|  |TAMS 0x0000000081700000| PB 0x0000000081700000| Untracked 
|  24|0x0000000081800000, 0x0000000081900000, 0x0000000081900000|100%| O|  |TAMS 0x0000000081800000| PB 0x0000000081800000| Untracked 
|  25|0x0000000081900000, 0x0000000081a00000, 0x0000000081a00000|100%|HS|  |TAMS 0x0000000081900000| PB 0x0000000081900000| Complete 
|  26|0x0000000081a00000, 0x0000000081b00000, 0x0000000081b00000|100%| O|  |TAMS 0x0000000081a00000| PB 0x0000000081a00000| Untracked 
|  27|0x0000000081b00000, 0x0000000081c00000, 0x0000000081c00000|100%| O|  |TAMS 0x0000000081b00000| PB 0x0000000081b00000| Untracked 
|  28|0x0000000081c00000, 0x0000000081d00000, 0x0000000081d00000|100%| O|  |TAMS 0x0000000081c00000| PB 0x0000000081c00000| Untracked 
|  29|0x0000000081d00000, 0x0000000081e00000, 0x0000000081e00000|100%| O|  |TAMS 0x0000000081d00000| PB 0x0000000081d00000| Untracked 
|  30|0x0000000081e00000, 0x0000000081f00000, 0x0000000081f00000|100%| O|  |TAMS 0x0000000081e00000| PB 0x0000000081e00000| Untracked 
|  31|0x0000000081f00000, 0x0000000082000000, 0x0000000082000000|100%| O|  |TAMS 0x0000000081f00000| PB 0x0000000081f00000| Untracked 
|  32|0x0000000082000000, 0x0000000082100000, 0x0000000082100000|100%| O|  |TAMS 0x0000000082000000| PB 0x0000000082000000| Untracked 
|  33|0x0000000082100000, 0x0000000082200000, 0x0000000082200000|100%| O|  |TAMS 0x0000000082100000| PB 0x0000000082100000| Untracked 
|  34|0x0000000082200000, 0x0000000082300000, 0x0000000082300000|100%| O|  |TAMS 0x0000000082200000| PB 0x0000000082200000| Untracked 
|  35|0x0000000082300000, 0x0000000082400000, 0x0000000082400000|100%| O|  |TAMS 0x0000000082300000| PB 0x0000000082300000| Untracked 
|  36|0x0000000082400000, 0x0000000082500000, 0x0000000082500000|100%| O|  |TAMS 0x0000000082400000| PB 0x0000000082400000| Untracked 
|  37|0x0000000082500000, 0x0000000082600000, 0x0000000082600000|100%|HS|  |TAMS 0x0000000082500000| PB 0x0000000082500000| Complete 
|  38|0x0000000082600000, 0x0000000082700000, 0x0000000082700000|100%|HC|  |TAMS 0x0000000082600000| PB 0x0000000082600000| Complete 
|  39|0x0000000082700000, 0x0000000082800000, 0x0000000082800000|100%| O|  |TAMS 0x0000000082700000| PB 0x0000000082700000| Untracked 
|  40|0x0000000082800000, 0x0000000082900000, 0x0000000082900000|100%| O|  |TAMS 0x0000000082800000| PB 0x0000000082800000| Untracked 
|  41|0x0000000082900000, 0x0000000082a00000, 0x0000000082a00000|100%| O|  |TAMS 0x0000000082900000| PB 0x0000000082900000| Untracked 
|  42|0x0000000082a00000, 0x0000000082b00000, 0x0000000082b00000|100%|HS|  |TAMS 0x0000000082a00000| PB 0x0000000082a00000| Complete 
|  43|0x0000000082b00000, 0x0000000082c00000, 0x0000000082c00000|100%|HS|  |TAMS 0x0000000082b00000| PB 0x0000000082b00000| Complete 
|  44|0x0000000082c00000, 0x0000000082d00000, 0x0000000082d00000|100%| O|  |TAMS 0x0000000082c00000| PB 0x0000000082c00000| Untracked 
|  45|0x0000000082d00000, 0x0000000082e00000, 0x0000000082e00000|100%|HS|  |TAMS 0x0000000082d00000| PB 0x0000000082d00000| Complete 
|  46|0x0000000082e00000, 0x0000000082f00000, 0x0000000082f00000|100%|HS|  |TAMS 0x0000000082e00000| PB 0x0000000082e00000| Complete 
|  47|0x0000000082f00000, 0x0000000083000000, 0x0000000083000000|100%|HS|  |TAMS 0x0000000082f00000| PB 0x0000000082f00000| Complete 
|  48|0x0000000083000000, 0x0000000083100000, 0x0000000083100000|100%| O|  |TAMS 0x0000000083000000| PB 0x0000000083000000| Untracked 
|  49|0x0000000083100000, 0x0000000083200000, 0x0000000083200000|100%| O|  |TAMS 0x0000000083100000| PB 0x0000000083100000| Untracked 
|  50|0x0000000083200000, 0x0000000083300000, 0x0000000083300000|100%| O|  |TAMS 0x0000000083200000| PB 0x0000000083200000| Untracked 
|  51|0x0000000083300000, 0x0000000083400000, 0x0000000083400000|100%| O|  |TAMS 0x0000000083300000| PB 0x0000000083300000| Untracked 
|  52|0x0000000083400000, 0x0000000083500000, 0x0000000083500000|100%|HS|  |TAMS 0x0000000083400000| PB 0x0000000083400000| Complete 
|  53|0x0000000083500000, 0x0000000083600000, 0x0000000083600000|100%|HC|  |TAMS 0x0000000083500000| PB 0x0000000083500000| Complete 
|  54|0x0000000083600000, 0x0000000083700000, 0x0000000083700000|100%| O|  |TAMS 0x0000000083600000| PB 0x0000000083600000| Untracked 
|  55|0x0000000083700000, 0x0000000083800000, 0x0000000083800000|100%|HS|  |TAMS 0x0000000083700000| PB 0x0000000083700000| Complete 
|  56|0x0000000083800000, 0x0000000083900000, 0x0000000083900000|100%|HS|  |TAMS 0x0000000083800000| PB 0x0000000083800000| Complete 
|  57|0x0000000083900000, 0x0000000083a00000, 0x0000000083a00000|100%|HS|  |TAMS 0x0000000083900000| PB 0x0000000083900000| Complete 
|  58|0x0000000083a00000, 0x0000000083b00000, 0x0000000083b00000|100%| O|  |TAMS 0x0000000083a00000| PB 0x0000000083a00000| Untracked 
|  59|0x0000000083b00000, 0x0000000083c00000, 0x0000000083c00000|100%| O|  |TAMS 0x0000000083b00000| PB 0x0000000083b00000| Untracked 
|  60|0x0000000083c00000, 0x0000000083d00000, 0x0000000083d00000|100%|HS|  |TAMS 0x0000000083c00000| PB 0x0000000083c00000| Complete 
|  61|0x0000000083d00000, 0x0000000083e00000, 0x0000000083e00000|100%| O|  |TAMS 0x0000000083d00000| PB 0x0000000083d00000| Untracked 
|  62|0x0000000083e00000, 0x0000000083f00000, 0x0000000083f00000|100%| O|  |TAMS 0x0000000083e00000| PB 0x0000000083e00000| Untracked 
|  63|0x0000000083f00000, 0x0000000084000000, 0x0000000084000000|100%| O|  |TAMS 0x0000000083f00000| PB 0x0000000083f00000| Untracked 
|  64|0x0000000084000000, 0x0000000084100000, 0x0000000084100000|100%| O|  |TAMS 0x0000000084000000| PB 0x0000000084000000| Untracked 
|  65|0x0000000084100000, 0x0000000084200000, 0x0000000084200000|100%| O|  |TAMS 0x0000000084100000| PB 0x0000000084100000| Untracked 
|  66|0x0000000084200000, 0x0000000084300000, 0x0000000084300000|100%|HS|  |TAMS 0x0000000084200000| PB 0x0000000084200000| Complete 
|  67|0x0000000084300000, 0x0000000084400000, 0x0000000084400000|100%|HC|  |TAMS 0x0000000084300000| PB 0x0000000084300000| Complete 
|  68|0x0000000084400000, 0x0000000084500000, 0x0000000084500000|100%| O|  |TAMS 0x0000000084400000| PB 0x0000000084400000| Untracked 
|  69|0x0000000084500000, 0x0000000084600000, 0x0000000084600000|100%| O|  |TAMS 0x0000000084500000| PB 0x0000000084500000| Untracked 
|  70|0x0000000084600000, 0x0000000084700000, 0x0000000084700000|100%|HS|  |TAMS 0x0000000084600000| PB 0x0000000084600000| Complete 
|  71|0x0000000084700000, 0x0000000084800000, 0x0000000084800000|100%| O|  |TAMS 0x0000000084700000| PB 0x0000000084700000| Untracked 
|  72|0x0000000084800000, 0x0000000084900000, 0x0000000084900000|100%| O|  |TAMS 0x0000000084800000| PB 0x0000000084800000| Untracked 
|  73|0x0000000084900000, 0x0000000084a00000, 0x0000000084a00000|100%| O|  |TAMS 0x0000000084900000| PB 0x0000000084900000| Untracked 
|  74|0x0000000084a00000, 0x0000000084b00000, 0x0000000084b00000|100%| O|  |TAMS 0x0000000084a00000| PB 0x0000000084a00000| Untracked 
|  75|0x0000000084b00000, 0x0000000084c00000, 0x0000000084c00000|100%| O|  |TAMS 0x0000000084b00000| PB 0x0000000084b00000| Untracked 
|  76|0x0000000084c00000, 0x0000000084d00000, 0x0000000084d00000|100%|HS|  |TAMS 0x0000000084c00000| PB 0x0000000084c00000| Complete 
|  77|0x0000000084d00000, 0x0000000084e00000, 0x0000000084e00000|100%| O|  |TAMS 0x0000000084d00000| PB 0x0000000084d00000| Untracked 
|  78|0x0000000084e00000, 0x0000000084f00000, 0x0000000084f00000|100%|HS|  |TAMS 0x0000000084e00000| PB 0x0000000084e00000| Complete 
|  79|0x0000000084f00000, 0x0000000085000000, 0x0000000085000000|100%| O|Cm|TAMS 0x0000000084f00000| PB 0x0000000084f00000| Complete 
|  80|0x0000000085000000, 0x0000000085100000, 0x0000000085100000|100%|HS|  |TAMS 0x0000000085000000| PB 0x0000000085000000| Complete 
|  81|0x0000000085100000, 0x0000000085200000, 0x0000000085200000|100%| O|  |TAMS 0x0000000085100000| PB 0x0000000085100000| Untracked 
|  82|0x0000000085200000, 0x0000000085300000, 0x0000000085300000|100%| O|  |TAMS 0x0000000085200000| PB 0x0000000085200000| Untracked 
|  83|0x0000000085300000, 0x0000000085400000, 0x0000000085400000|100%| O|  |TAMS 0x0000000085300000| PB 0x0000000085300000| Untracked 
|  84|0x0000000085400000, 0x0000000085500000, 0x0000000085500000|100%| O|  |TAMS 0x0000000085400000| PB 0x0000000085400000| Untracked 
|  85|0x0000000085500000, 0x0000000085600000, 0x0000000085600000|100%| O|  |TAMS 0x0000000085500000| PB 0x0000000085500000| Untracked 
|  86|0x0000000085600000, 0x0000000085700000, 0x0000000085700000|100%| O|  |TAMS 0x0000000085600000| PB 0x0000000085600000| Untracked 
|  87|0x0000000085700000, 0x0000000085800000, 0x0000000085800000|100%| O|Cm|TAMS 0x0000000085700000| PB 0x0000000085700000| Complete 
|  88|0x0000000085800000, 0x0000000085900000, 0x0000000085900000|100%|HS|  |TAMS 0x0000000085800000| PB 0x0000000085800000| Complete 
|  89|0x0000000085900000, 0x0000000085a00000, 0x0000000085a00000|100%| O|Cm|TAMS 0x0000000085900000| PB 0x0000000085900000| Complete 
|  90|0x0000000085a00000, 0x0000000085b00000, 0x0000000085b00000|100%| O|  |TAMS 0x0000000085a00000| PB 0x0000000085a00000| Untracked 
|  91|0x0000000085b00000, 0x0000000085c00000, 0x0000000085c00000|100%| O|  |TAMS 0x0000000085b00000| PB 0x0000000085b00000| Untracked 
|  92|0x0000000085c00000, 0x0000000085d00000, 0x0000000085d00000|100%| O|Cm|TAMS 0x0000000085c00000| PB 0x0000000085c00000| Complete 
|  93|0x0000000085d00000, 0x0000000085e00000, 0x0000000085e00000|100%| O|Cm|TAMS 0x0000000085d00000| PB 0x0000000085d00000| Complete 
|  94|0x0000000085e00000, 0x0000000085f00000, 0x0000000085f00000|100%| O|  |TAMS 0x0000000085e00000| PB 0x0000000085e00000| Untracked 
|  95|0x0000000085f00000, 0x0000000086000000, 0x0000000086000000|100%| O|Cm|TAMS 0x0000000085f00000| PB 0x0000000085f00000| Complete 
|  96|0x0000000086000000, 0x0000000086100000, 0x0000000086100000|100%| O|  |TAMS 0x0000000086000000| PB 0x0000000086000000| Untracked 
|  97|0x0000000086100000, 0x0000000086200000, 0x0000000086200000|100%| O|  |TAMS 0x0000000086100000| PB 0x0000000086100000| Untracked 
|  98|0x0000000086200000, 0x0000000086300000, 0x0000000086300000|100%| O|  |TAMS 0x0000000086200000| PB 0x0000000086200000| Untracked 
|  99|0x0000000086300000, 0x0000000086400000, 0x0000000086400000|100%|HS|  |TAMS 0x0000000086300000| PB 0x0000000086300000| Complete 
| 100|0x0000000086400000, 0x0000000086500000, 0x0000000086500000|100%|HC|  |TAMS 0x0000000086400000| PB 0x0000000086400000| Complete 
| 101|0x0000000086500000, 0x0000000086600000, 0x0000000086600000|100%| O|Cm|TAMS 0x0000000086500000| PB 0x0000000086500000| Complete 
| 102|0x0000000086600000, 0x0000000086700000, 0x0000000086700000|100%|HS|  |TAMS 0x0000000086600000| PB 0x0000000086600000| Complete 
| 103|0x0000000086700000, 0x0000000086800000, 0x0000000086800000|100%|HC|  |TAMS 0x0000000086700000| PB 0x0000000086700000| Complete 
| 104|0x0000000086800000, 0x0000000086900000, 0x0000000086900000|100%| O|  |TAMS 0x0000000086800000| PB 0x0000000086800000| Untracked 
| 105|0x0000000086900000, 0x0000000086a00000, 0x0000000086a00000|100%|HS|  |TAMS 0x0000000086900000| PB 0x0000000086900000| Complete 
| 106|0x0000000086a00000, 0x0000000086b00000, 0x0000000086b00000|100%|HC|  |TAMS 0x0000000086a00000| PB 0x0000000086a00000| Complete 
| 107|0x0000000086b00000, 0x0000000086c00000, 0x0000000086c00000|100%| O|Cm|TAMS 0x0000000086b00000| PB 0x0000000086b00000| Complete 
| 108|0x0000000086c00000, 0x0000000086d00000, 0x0000000086d00000|100%|HS|  |TAMS 0x0000000086c00000| PB 0x0000000086c00000| Complete 
| 109|0x0000000086d00000, 0x0000000086e00000, 0x0000000086e00000|100%| O|  |TAMS 0x0000000086d00000| PB 0x0000000086d00000| Untracked 
| 110|0x0000000086e00000, 0x0000000086f00000, 0x0000000086f00000|100%|HS|  |TAMS 0x0000000086e00000| PB 0x0000000086e00000| Complete 
| 111|0x0000000086f00000, 0x0000000087000000, 0x0000000087000000|100%| O|Cm|TAMS 0x0000000086f00000| PB 0x0000000086f00000| Complete 
| 112|0x0000000087000000, 0x0000000087100000, 0x0000000087100000|100%| O|Cm|TAMS 0x0000000087000000| PB 0x0000000087000000| Complete 
| 113|0x0000000087100000, 0x0000000087200000, 0x0000000087200000|100%| O|Cm|TAMS 0x0000000087100000| PB 0x0000000087100000| Complete 
| 114|0x0000000087200000, 0x0000000087300000, 0x0000000087300000|100%| O|  |TAMS 0x0000000087200000| PB 0x0000000087200000| Untracked 
| 115|0x0000000087300000, 0x0000000087400000, 0x0000000087400000|100%|HS|  |TAMS 0x0000000087300000| PB 0x0000000087300000| Complete 
| 116|0x0000000087400000, 0x0000000087500000, 0x0000000087500000|100%| O|  |TAMS 0x0000000087400000| PB 0x0000000087400000| Untracked 
| 117|0x0000000087500000, 0x0000000087600000, 0x0000000087600000|100%| O|  |TAMS 0x0000000087500000| PB 0x0000000087500000| Untracked 
| 118|0x0000000087600000, 0x0000000087700000, 0x0000000087700000|100%|HS|  |TAMS 0x0000000087600000| PB 0x0000000087600000| Complete 
| 119|0x0000000087700000, 0x0000000087800000, 0x0000000087800000|100%|HC|  |TAMS 0x0000000087700000| PB 0x0000000087700000| Complete 
| 120|0x0000000087800000, 0x0000000087900000, 0x0000000087900000|100%| O|  |TAMS 0x0000000087800000| PB 0x0000000087800000| Untracked 
| 121|0x0000000087900000, 0x0000000087a00000, 0x0000000087a00000|100%| O|Cm|TAMS 0x0000000087900000| PB 0x0000000087900000| Complete 
| 122|0x0000000087a00000, 0x0000000087b00000, 0x0000000087b00000|100%| O|Cm|TAMS 0x0000000087a00000| PB 0x0000000087a00000| Complete 
| 123|0x0000000087b00000, 0x0000000087c00000, 0x0000000087c00000|100%| O|Cm|TAMS 0x0000000087b00000| PB 0x0000000087b00000| Complete 
| 124|0x0000000087c00000, 0x0000000087d00000, 0x0000000087d00000|100%| O|Cm|TAMS 0x0000000087c00000| PB 0x0000000087c00000| Complete 
| 125|0x0000000087d00000, 0x0000000087d00000, 0x0000000087e00000|  0%| F|  |TAMS 0x0000000087d00000| PB 0x0000000087d00000| Untracked 
| 126|0x0000000087e00000, 0x0000000087f00000, 0x0000000087f00000|100%| O|Cm|TAMS 0x0000000087e00000| PB 0x0000000087e00000| Complete 
| 127|0x0000000087f00000, 0x0000000088000000, 0x0000000088000000|100%| O|Cm|TAMS 0x0000000087f00000| PB 0x0000000087f00000| Complete 
| 128|0x0000000088000000, 0x0000000088100000, 0x0000000088100000|100%|HS|  |TAMS 0x0000000088000000| PB 0x0000000088000000| Complete 
| 129|0x0000000088100000, 0x0000000088200000, 0x0000000088200000|100%|HC|  |TAMS 0x0000000088100000| PB 0x0000000088100000| Complete 
| 130|0x0000000088200000, 0x0000000088300000, 0x0000000088300000|100%| O|Cm|TAMS 0x0000000088200000| PB 0x0000000088200000| Complete 
| 131|0x0000000088300000, 0x0000000088300000, 0x0000000088400000|  0%| F|  |TAMS 0x0000000088300000| PB 0x0000000088300000| Untracked 
| 132|0x0000000088400000, 0x0000000088500000, 0x0000000088500000|100%| O|Cm|TAMS 0x0000000088400000| PB 0x0000000088400000| Complete 
| 133|0x0000000088500000, 0x0000000088580000, 0x0000000088600000| 50%| O|  |TAMS 0x0000000088500000| PB 0x0000000088500000| Untracked 
| 134|0x0000000088600000, 0x0000000088700000, 0x0000000088700000|100%|HS|  |TAMS 0x0000000088600000| PB 0x0000000088600000| Complete 
| 135|0x0000000088700000, 0x0000000088800000, 0x0000000088800000|100%|HC|  |TAMS 0x0000000088700000| PB 0x0000000088700000| Complete 
| 136|0x0000000088800000, 0x0000000088900000, 0x0000000088900000|100%|HC|  |TAMS 0x0000000088800000| PB 0x0000000088800000| Complete 
| 137|0x0000000088900000, 0x0000000088a00000, 0x0000000088a00000|100%|HS|  |TAMS 0x0000000088900000| PB 0x0000000088900000| Complete 
| 138|0x0000000088a00000, 0x0000000088b00000, 0x0000000088b00000|100%|HC|  |TAMS 0x0000000088a00000| PB 0x0000000088a00000| Complete 
| 139|0x0000000088b00000, 0x0000000088c00000, 0x0000000088c00000|100%|HS|  |TAMS 0x0000000088b00000| PB 0x0000000088b00000| Complete 
| 140|0x0000000088c00000, 0x0000000088d00000, 0x0000000088d00000|100%|HC|  |TAMS 0x0000000088c00000| PB 0x0000000088c00000| Complete 
| 141|0x0000000088d00000, 0x0000000088d00000, 0x0000000088e00000|  0%| F|  |TAMS 0x0000000088d00000| PB 0x0000000088d00000| Untracked 
| 142|0x0000000088e00000, 0x0000000088f00000, 0x0000000088f00000|100%| O|  |TAMS 0x0000000088e00000| PB 0x0000000088e00000| Untracked 
| 143|0x0000000088f00000, 0x0000000089000000, 0x0000000089000000|100%| O|Cm|TAMS 0x0000000088f00000| PB 0x0000000088f00000| Complete 
| 144|0x0000000089000000, 0x0000000089100000, 0x0000000089100000|100%| O|  |TAMS 0x0000000089000000| PB 0x0000000089000000| Untracked 
| 145|0x0000000089100000, 0x0000000089200000, 0x0000000089200000|100%| O|Cm|TAMS 0x0000000089100000| PB 0x0000000089100000| Complete 
| 146|0x0000000089200000, 0x0000000089300000, 0x0000000089300000|100%| O|  |TAMS 0x0000000089200000| PB 0x0000000089200000| Untracked 
| 147|0x0000000089300000, 0x0000000089400000, 0x0000000089400000|100%| O|Cm|TAMS 0x0000000089300000| PB 0x0000000089300000| Complete 
| 148|0x0000000089400000, 0x0000000089500000, 0x0000000089500000|100%| O|  |TAMS 0x0000000089400000| PB 0x0000000089400000| Untracked 
| 149|0x0000000089500000, 0x0000000089600000, 0x0000000089600000|100%| O|Cm|TAMS 0x0000000089500000| PB 0x0000000089500000| Complete 
| 150|0x0000000089600000, 0x0000000089700000, 0x0000000089700000|100%|HS|  |TAMS 0x0000000089600000| PB 0x0000000089600000| Complete 
| 151|0x0000000089700000, 0x0000000089800000, 0x0000000089800000|100%|HC|  |TAMS 0x0000000089700000| PB 0x0000000089700000| Complete 
| 152|0x0000000089800000, 0x0000000089900000, 0x0000000089900000|100%|HS|  |TAMS 0x0000000089800000| PB 0x0000000089800000| Complete 
| 153|0x0000000089900000, 0x0000000089a00000, 0x0000000089a00000|100%|HC|  |TAMS 0x0000000089900000| PB 0x0000000089900000| Complete 
| 154|0x0000000089a00000, 0x0000000089b00000, 0x0000000089b00000|100%|HC|  |TAMS 0x0000000089a00000| PB 0x0000000089a00000| Complete 
| 155|0x0000000089b00000, 0x0000000089c00000, 0x0000000089c00000|100%|HS|  |TAMS 0x0000000089b00000| PB 0x0000000089b00000| Complete 
| 156|0x0000000089c00000, 0x0000000089d00000, 0x0000000089d00000|100%|HC|  |TAMS 0x0000000089c00000| PB 0x0000000089c00000| Complete 
| 157|0x0000000089d00000, 0x0000000089e00000, 0x0000000089e00000|100%|HC|  |TAMS 0x0000000089d00000| PB 0x0000000089d00000| Complete 
| 158|0x0000000089e00000, 0x0000000089e00000, 0x0000000089f00000|  0%| F|  |TAMS 0x0000000089e00000| PB 0x0000000089e00000| Untracked 
| 159|0x0000000089f00000, 0x0000000089f00000, 0x000000008a000000|  0%| F|  |TAMS 0x0000000089f00000| PB 0x0000000089f00000| Untracked 
| 160|0x000000008a000000, 0x000000008a080000, 0x000000008a100000| 50%| S|CS|TAMS 0x000000008a000000| PB 0x000000008a000000| Complete 
| 161|0x000000008a100000, 0x000000008a200000, 0x000000008a200000|100%| S|CS|TAMS 0x000000008a100000| PB 0x000000008a100000| Complete 
| 162|0x000000008a200000, 0x000000008a300000, 0x000000008a300000|100%| S|CS|TAMS 0x000000008a200000| PB 0x000000008a200000| Complete 
| 163|0x000000008a300000, 0x000000008a400000, 0x000000008a400000|100%| S|CS|TAMS 0x000000008a300000| PB 0x000000008a300000| Complete 
| 164|0x000000008a400000, 0x000000008a500000, 0x000000008a500000|100%| S|CS|TAMS 0x000000008a400000| PB 0x000000008a400000| Complete 
| 165|0x000000008a500000, 0x000000008a600000, 0x000000008a600000|100%| S|CS|TAMS 0x000000008a500000| PB 0x000000008a500000| Complete 
| 166|0x000000008a600000, 0x000000008a700000, 0x000000008a700000|100%| S|CS|TAMS 0x000000008a600000| PB 0x000000008a600000| Complete 
| 167|0x000000008a700000, 0x000000008a800000, 0x000000008a800000|100%| S|CS|TAMS 0x000000008a700000| PB 0x000000008a700000| Complete 
| 168|0x000000008a800000, 0x000000008a900000, 0x000000008a900000|100%| S|CS|TAMS 0x000000008a800000| PB 0x000000008a800000| Complete 
| 169|0x000000008a900000, 0x000000008aa00000, 0x000000008aa00000|100%| S|CS|TAMS 0x000000008a900000| PB 0x000000008a900000| Complete 
| 170|0x000000008aa00000, 0x000000008aa00000, 0x000000008ab00000|  0%| F|  |TAMS 0x000000008aa00000| PB 0x000000008aa00000| Untracked 
| 171|0x000000008ab00000, 0x000000008ab00000, 0x000000008ac00000|  0%| F|  |TAMS 0x000000008ab00000| PB 0x000000008ab00000| Untracked 
| 172|0x000000008ac00000, 0x000000008ac00000, 0x000000008ad00000|  0%| F|  |TAMS 0x000000008ac00000| PB 0x000000008ac00000| Untracked 
| 173|0x000000008ad00000, 0x000000008ad00000, 0x000000008ae00000|  0%| F|  |TAMS 0x000000008ad00000| PB 0x000000008ad00000| Untracked 
| 174|0x000000008ae00000, 0x000000008ae00000, 0x000000008af00000|  0%| F|  |TAMS 0x000000008ae00000| PB 0x000000008ae00000| Untracked 
| 175|0x000000008af00000, 0x000000008af00000, 0x000000008b000000|  0%| F|  |TAMS 0x000000008af00000| PB 0x000000008af00000| Untracked 
| 176|0x000000008b000000, 0x000000008b000000, 0x000000008b100000|  0%| F|  |TAMS 0x000000008b000000| PB 0x000000008b000000| Untracked 
| 177|0x000000008b100000, 0x000000008b100000, 0x000000008b200000|  0%| F|  |TAMS 0x000000008b100000| PB 0x000000008b100000| Untracked 
| 178|0x000000008b200000, 0x000000008b200000, 0x000000008b300000|  0%| F|  |TAMS 0x000000008b200000| PB 0x000000008b200000| Untracked 
| 179|0x000000008b300000, 0x000000008b300000, 0x000000008b400000|  0%| F|  |TAMS 0x000000008b300000| PB 0x000000008b300000| Untracked 
| 180|0x000000008b400000, 0x000000008b400000, 0x000000008b500000|  0%| F|  |TAMS 0x000000008b400000| PB 0x000000008b400000| Untracked 
| 181|0x000000008b500000, 0x000000008b500000, 0x000000008b600000|  0%| F|  |TAMS 0x000000008b500000| PB 0x000000008b500000| Untracked 
| 182|0x000000008b600000, 0x000000008b600000, 0x000000008b700000|  0%| F|  |TAMS 0x000000008b600000| PB 0x000000008b600000| Untracked 
| 183|0x000000008b700000, 0x000000008b700000, 0x000000008b800000|  0%| F|  |TAMS 0x000000008b700000| PB 0x000000008b700000| Untracked 
| 184|0x000000008b800000, 0x000000008b800000, 0x000000008b900000|  0%| F|  |TAMS 0x000000008b800000| PB 0x000000008b800000| Untracked 
| 185|0x000000008b900000, 0x000000008b900000, 0x000000008ba00000|  0%| F|  |TAMS 0x000000008b900000| PB 0x000000008b900000| Untracked 
| 186|0x000000008ba00000, 0x000000008ba00000, 0x000000008bb00000|  0%| F|  |TAMS 0x000000008ba00000| PB 0x000000008ba00000| Untracked 
| 187|0x000000008bb00000, 0x000000008bb00000, 0x000000008bc00000|  0%| F|  |TAMS 0x000000008bb00000| PB 0x000000008bb00000| Untracked 
| 188|0x000000008bc00000, 0x000000008bc00000, 0x000000008bd00000|  0%| F|  |TAMS 0x000000008bc00000| PB 0x000000008bc00000| Untracked 
| 189|0x000000008bd00000, 0x000000008bd00000, 0x000000008be00000|  0%| F|  |TAMS 0x000000008bd00000| PB 0x000000008bd00000| Untracked 
| 190|0x000000008be00000, 0x000000008be00000, 0x000000008bf00000|  0%| F|  |TAMS 0x000000008be00000| PB 0x000000008be00000| Untracked 
| 191|0x000000008bf00000, 0x000000008bf00000, 0x000000008c000000|  0%| F|  |TAMS 0x000000008bf00000| PB 0x000000008bf00000| Untracked 
| 192|0x000000008c000000, 0x000000008c000000, 0x000000008c100000|  0%| F|  |TAMS 0x000000008c000000| PB 0x000000008c000000| Untracked 
| 193|0x000000008c100000, 0x000000008c1b3d70, 0x000000008c200000| 70%| E|  |TAMS 0x000000008c100000| PB 0x000000008c100000| Complete 
| 194|0x000000008c200000, 0x000000008c300000, 0x000000008c300000|100%| E|CS|TAMS 0x000000008c200000| PB 0x000000008c200000| Complete 
| 195|0x000000008c300000, 0x000000008c400000, 0x000000008c400000|100%| E|CS|TAMS 0x000000008c300000| PB 0x000000008c300000| Complete 
| 196|0x000000008c400000, 0x000000008c500000, 0x000000008c500000|100%| E|CS|TAMS 0x000000008c400000| PB 0x000000008c400000| Complete 
| 197|0x000000008c500000, 0x000000008c600000, 0x000000008c600000|100%| E|CS|TAMS 0x000000008c500000| PB 0x000000008c500000| Complete 
| 198|0x000000008c600000, 0x000000008c700000, 0x000000008c700000|100%| E|CS|TAMS 0x000000008c600000| PB 0x000000008c600000| Complete 
| 199|0x000000008c700000, 0x000000008c800000, 0x000000008c800000|100%| E|CS|TAMS 0x000000008c700000| PB 0x000000008c700000| Complete 
| 200|0x000000008c800000, 0x000000008c900000, 0x000000008c900000|100%| E|CS|TAMS 0x000000008c800000| PB 0x000000008c800000| Complete 
| 201|0x000000008c900000, 0x000000008ca00000, 0x000000008ca00000|100%| E|CS|TAMS 0x000000008c900000| PB 0x000000008c900000| Complete 
| 202|0x000000008ca00000, 0x000000008cb00000, 0x000000008cb00000|100%| E|CS|TAMS 0x000000008ca00000| PB 0x000000008ca00000| Complete 
| 203|0x000000008cb00000, 0x000000008cc00000, 0x000000008cc00000|100%| E|CS|TAMS 0x000000008cb00000| PB 0x000000008cb00000| Complete 
| 204|0x000000008cc00000, 0x000000008cd00000, 0x000000008cd00000|100%| E|CS|TAMS 0x000000008cc00000| PB 0x000000008cc00000| Complete 
| 205|0x000000008cd00000, 0x000000008ce00000, 0x000000008ce00000|100%| E|CS|TAMS 0x000000008cd00000| PB 0x000000008cd00000| Complete 
| 206|0x000000008ce00000, 0x000000008cf00000, 0x000000008cf00000|100%| E|CS|TAMS 0x000000008ce00000| PB 0x000000008ce00000| Complete 
| 207|0x000000008cf00000, 0x000000008d000000, 0x000000008d000000|100%| E|  |TAMS 0x000000008cf00000| PB 0x000000008cf00000| Complete 
| 208|0x000000008d000000, 0x000000008d100000, 0x000000008d100000|100%| E|CS|TAMS 0x000000008d000000| PB 0x000000008d000000| Complete 
| 209|0x000000008d100000, 0x000000008d200000, 0x000000008d200000|100%| E|CS|TAMS 0x000000008d100000| PB 0x000000008d100000| Complete 
| 210|0x000000008d200000, 0x000000008d300000, 0x000000008d300000|100%| E|CS|TAMS 0x000000008d200000| PB 0x000000008d200000| Complete 
| 211|0x000000008d300000, 0x000000008d400000, 0x000000008d400000|100%| E|CS|TAMS 0x000000008d300000| PB 0x000000008d300000| Complete 
| 212|0x000000008d400000, 0x000000008d500000, 0x000000008d500000|100%| E|CS|TAMS 0x000000008d400000| PB 0x000000008d400000| Complete 
| 213|0x000000008d500000, 0x000000008d600000, 0x000000008d600000|100%| E|CS|TAMS 0x000000008d500000| PB 0x000000008d500000| Complete 
| 214|0x000000008d600000, 0x000000008d700000, 0x000000008d700000|100%| E|CS|TAMS 0x000000008d600000| PB 0x000000008d600000| Complete 
| 215|0x000000008d700000, 0x000000008d800000, 0x000000008d800000|100%| E|CS|TAMS 0x000000008d700000| PB 0x000000008d700000| Complete 
| 216|0x000000008d800000, 0x000000008d900000, 0x000000008d900000|100%| E|CS|TAMS 0x000000008d800000| PB 0x000000008d800000| Complete 
| 217|0x000000008d900000, 0x000000008da00000, 0x000000008da00000|100%| E|CS|TAMS 0x000000008d900000| PB 0x000000008d900000| Complete 
| 218|0x000000008da00000, 0x000000008db00000, 0x000000008db00000|100%| E|CS|TAMS 0x000000008da00000| PB 0x000000008da00000| Complete 
| 219|0x000000008db00000, 0x000000008dc00000, 0x000000008dc00000|100%| E|CS|TAMS 0x000000008db00000| PB 0x000000008db00000| Complete 
| 220|0x000000008dc00000, 0x000000008dd00000, 0x000000008dd00000|100%| E|CS|TAMS 0x000000008dc00000| PB 0x000000008dc00000| Complete 
| 221|0x000000008dd00000, 0x000000008de00000, 0x000000008de00000|100%| E|CS|TAMS 0x000000008dd00000| PB 0x000000008dd00000| Complete 
| 222|0x000000008de00000, 0x000000008df00000, 0x000000008df00000|100%| E|CS|TAMS 0x000000008de00000| PB 0x000000008de00000| Complete 
| 223|0x000000008df00000, 0x000000008e000000, 0x000000008e000000|100%| E|CS|TAMS 0x000000008df00000| PB 0x000000008df00000| Complete 
| 224|0x000000008e000000, 0x000000008e100000, 0x000000008e100000|100%| E|CS|TAMS 0x000000008e000000| PB 0x000000008e000000| Complete 
| 225|0x000000008e100000, 0x000000008e200000, 0x000000008e200000|100%| E|CS|TAMS 0x000000008e100000| PB 0x000000008e100000| Complete 
| 226|0x000000008e200000, 0x000000008e300000, 0x000000008e300000|100%| E|CS|TAMS 0x000000008e200000| PB 0x000000008e200000| Complete 
| 227|0x000000008e300000, 0x000000008e400000, 0x000000008e400000|100%| E|CS|TAMS 0x000000008e300000| PB 0x000000008e300000| Complete 
| 228|0x000000008e400000, 0x000000008e500000, 0x000000008e500000|100%| E|CS|TAMS 0x000000008e400000| PB 0x000000008e400000| Complete 
| 229|0x000000008e500000, 0x000000008e600000, 0x000000008e600000|100%| E|CS|TAMS 0x000000008e500000| PB 0x000000008e500000| Complete 
| 230|0x000000008e600000, 0x000000008e700000, 0x000000008e700000|100%| E|CS|TAMS 0x000000008e600000| PB 0x000000008e600000| Complete 
| 231|0x000000008e700000, 0x000000008e800000, 0x000000008e800000|100%| E|CS|TAMS 0x000000008e700000| PB 0x000000008e700000| Complete 
| 232|0x000000008e800000, 0x000000008e900000, 0x000000008e900000|100%| E|CS|TAMS 0x000000008e800000| PB 0x000000008e800000| Complete 
| 233|0x000000008e900000, 0x000000008ea00000, 0x000000008ea00000|100%| E|CS|TAMS 0x000000008e900000| PB 0x000000008e900000| Complete 
| 234|0x000000008ea00000, 0x000000008eb00000, 0x000000008eb00000|100%| E|CS|TAMS 0x000000008ea00000| PB 0x000000008ea00000| Complete 
| 235|0x000000008eb00000, 0x000000008ec00000, 0x000000008ec00000|100%| E|CS|TAMS 0x000000008eb00000| PB 0x000000008eb00000| Complete 
| 236|0x000000008ec00000, 0x000000008ed00000, 0x000000008ed00000|100%| E|CS|TAMS 0x000000008ec00000| PB 0x000000008ec00000| Complete 
| 237|0x000000008ed00000, 0x000000008ee00000, 0x000000008ee00000|100%| E|CS|TAMS 0x000000008ed00000| PB 0x000000008ed00000| Complete 
| 238|0x000000008ee00000, 0x000000008ef00000, 0x000000008ef00000|100%| E|CS|TAMS 0x000000008ee00000| PB 0x000000008ee00000| Complete 
| 239|0x000000008ef00000, 0x000000008f000000, 0x000000008f000000|100%| E|CS|TAMS 0x000000008ef00000| PB 0x000000008ef00000| Complete 
| 240|0x000000008f000000, 0x000000008f100000, 0x000000008f100000|100%| E|CS|TAMS 0x000000008f000000| PB 0x000000008f000000| Complete 
| 241|0x000000008f100000, 0x000000008f200000, 0x000000008f200000|100%| E|CS|TAMS 0x000000008f100000| PB 0x000000008f100000| Complete 
| 242|0x000000008f200000, 0x000000008f300000, 0x000000008f300000|100%| E|CS|TAMS 0x000000008f200000| PB 0x000000008f200000| Complete 
| 243|0x000000008f300000, 0x000000008f400000, 0x000000008f400000|100%| E|CS|TAMS 0x000000008f300000| PB 0x000000008f300000| Complete 
| 244|0x000000008f400000, 0x000000008f500000, 0x000000008f500000|100%| E|CS|TAMS 0x000000008f400000| PB 0x000000008f400000| Complete 
| 245|0x000000008f500000, 0x000000008f600000, 0x000000008f600000|100%| E|CS|TAMS 0x000000008f500000| PB 0x000000008f500000| Complete 
| 246|0x000000008f600000, 0x000000008f700000, 0x000000008f700000|100%| E|CS|TAMS 0x000000008f600000| PB 0x000000008f600000| Complete 
| 247|0x000000008f700000, 0x000000008f800000, 0x000000008f800000|100%| E|CS|TAMS 0x000000008f700000| PB 0x000000008f700000| Complete 
| 248|0x000000008f800000, 0x000000008f900000, 0x000000008f900000|100%| E|CS|TAMS 0x000000008f800000| PB 0x000000008f800000| Complete 
| 249|0x000000008f900000, 0x000000008fa00000, 0x000000008fa00000|100%| E|CS|TAMS 0x000000008f900000| PB 0x000000008f900000| Complete 
| 250|0x000000008fa00000, 0x000000008fb00000, 0x000000008fb00000|100%| E|CS|TAMS 0x000000008fa00000| PB 0x000000008fa00000| Complete 
| 251|0x000000008fb00000, 0x000000008fc00000, 0x000000008fc00000|100%| E|CS|TAMS 0x000000008fb00000| PB 0x000000008fb00000| Complete 
| 252|0x000000008fc00000, 0x000000008fd00000, 0x000000008fd00000|100%| E|CS|TAMS 0x000000008fc00000| PB 0x000000008fc00000| Complete 
| 253|0x000000008fd00000, 0x000000008fe00000, 0x000000008fe00000|100%| E|CS|TAMS 0x000000008fd00000| PB 0x000000008fd00000| Complete 
| 254|0x000000008fe00000, 0x000000008ff00000, 0x000000008ff00000|100%| E|CS|TAMS 0x000000008fe00000| PB 0x000000008fe00000| Complete 
| 255|0x000000008ff00000, 0x0000000090000000, 0x0000000090000000|100%| E|CS|TAMS 0x000000008ff00000| PB 0x000000008ff00000| Complete 
| 256|0x0000000090000000, 0x0000000090100000, 0x0000000090100000|100%| E|CS|TAMS 0x0000000090000000| PB 0x0000000090000000| Complete 
| 257|0x0000000090100000, 0x0000000090200000, 0x0000000090200000|100%| E|CS|TAMS 0x0000000090100000| PB 0x0000000090100000| Complete 
| 258|0x0000000090200000, 0x0000000090300000, 0x0000000090300000|100%| E|CS|TAMS 0x0000000090200000| PB 0x0000000090200000| Complete 
|2011|0x00000000fdb00000, 0x00000000fdc00000, 0x00000000fdc00000|100%| O|Cm|TAMS 0x00000000fdb00000| PB 0x00000000fdb00000| Complete 
|2012|0x00000000fdc00000, 0x00000000fdd00000, 0x00000000fdd00000|100%| O|Cm|TAMS 0x00000000fdc00000| PB 0x00000000fdc00000| Complete 
|2013|0x00000000fdd00000, 0x00000000fde00000, 0x00000000fde00000|100%| E|CS|TAMS 0x00000000fdd00000| PB 0x00000000fdd00000| Complete 
|2014|0x00000000fde00000, 0x00000000fdf00000, 0x00000000fdf00000|100%| E|CS|TAMS 0x00000000fde00000| PB 0x00000000fde00000| Complete 
|2015|0x00000000fdf00000, 0x00000000fe000000, 0x00000000fe000000|100%| O|Cm|TAMS 0x00000000fdf00000| PB 0x00000000fdf00000| Complete 
|2016|0x00000000fe000000, 0x00000000fe100000, 0x00000000fe100000|100%| O|Cm|TAMS 0x00000000fe000000| PB 0x00000000fe000000| Complete 
|2017|0x00000000fe100000, 0x00000000fe200000, 0x00000000fe200000|100%| E|CS|TAMS 0x00000000fe100000| PB 0x00000000fe100000| Complete 
|2018|0x00000000fe200000, 0x00000000fe300000, 0x00000000fe300000|100%| E|CS|TAMS 0x00000000fe200000| PB 0x00000000fe200000| Complete 
|2019|0x00000000fe300000, 0x00000000fe400000, 0x00000000fe400000|100%| E|CS|TAMS 0x00000000fe300000| PB 0x00000000fe300000| Complete 
|2020|0x00000000fe400000, 0x00000000fe500000, 0x00000000fe500000|100%| E|CS|TAMS 0x00000000fe400000| PB 0x00000000fe400000| Complete 
|2021|0x00000000fe500000, 0x00000000fe600000, 0x00000000fe600000|100%| E|CS|TAMS 0x00000000fe500000| PB 0x00000000fe500000| Complete 
|2022|0x00000000fe600000, 0x00000000fe700000, 0x00000000fe700000|100%| E|CS|TAMS 0x00000000fe600000| PB 0x00000000fe600000| Complete 
|2023|0x00000000fe700000, 0x00000000fe800000, 0x00000000fe800000|100%| E|CS|TAMS 0x00000000fe700000| PB 0x00000000fe700000| Complete 
|2024|0x00000000fe800000, 0x00000000fe900000, 0x00000000fe900000|100%| E|CS|TAMS 0x00000000fe800000| PB 0x00000000fe800000| Complete 
|2025|0x00000000fe900000, 0x00000000fea00000, 0x00000000fea00000|100%| E|CS|TAMS 0x00000000fe900000| PB 0x00000000fe900000| Complete 
|2026|0x00000000fea00000, 0x00000000feb00000, 0x00000000feb00000|100%| E|CS|TAMS 0x00000000fea00000| PB 0x00000000fea00000| Complete 
|2027|0x00000000feb00000, 0x00000000fec00000, 0x00000000fec00000|100%| E|CS|TAMS 0x00000000feb00000| PB 0x00000000feb00000| Complete 
|2028|0x00000000fec00000, 0x00000000fed00000, 0x00000000fed00000|100%| E|CS|TAMS 0x00000000fec00000| PB 0x00000000fec00000| Complete 
|2029|0x00000000fed00000, 0x00000000fee00000, 0x00000000fee00000|100%| E|CS|TAMS 0x00000000fed00000| PB 0x00000000fed00000| Complete 
|2030|0x00000000fee00000, 0x00000000fef00000, 0x00000000fef00000|100%| E|CS|TAMS 0x00000000fee00000| PB 0x00000000fee00000| Complete 
|2031|0x00000000fef00000, 0x00000000ff000000, 0x00000000ff000000|100%| E|CS|TAMS 0x00000000fef00000| PB 0x00000000fef00000| Complete 
|2032|0x00000000ff000000, 0x00000000ff100000, 0x00000000ff100000|100%| E|CS|TAMS 0x00000000ff000000| PB 0x00000000ff000000| Complete 
|2033|0x00000000ff100000, 0x00000000ff200000, 0x00000000ff200000|100%| E|CS|TAMS 0x00000000ff100000| PB 0x00000000ff100000| Complete 
|2034|0x00000000ff200000, 0x00000000ff300000, 0x00000000ff300000|100%| E|CS|TAMS 0x00000000ff200000| PB 0x00000000ff200000| Complete 
|2035|0x00000000ff300000, 0x00000000ff400000, 0x00000000ff400000|100%| E|CS|TAMS 0x00000000ff300000| PB 0x00000000ff300000| Complete 
|2036|0x00000000ff400000, 0x00000000ff500000, 0x00000000ff500000|100%| E|CS|TAMS 0x00000000ff400000| PB 0x00000000ff400000| Complete 
|2037|0x00000000ff500000, 0x00000000ff600000, 0x00000000ff600000|100%| O|  |TAMS 0x00000000ff500000| PB 0x00000000ff500000| Untracked 
|2038|0x00000000ff600000, 0x00000000ff700000, 0x00000000ff700000|100%| E|CS|TAMS 0x00000000ff600000| PB 0x00000000ff600000| Complete 
|2039|0x00000000ff700000, 0x00000000ff800000, 0x00000000ff800000|100%| E|CS|TAMS 0x00000000ff700000| PB 0x00000000ff700000| Complete 
|2040|0x00000000ff800000, 0x00000000ff900000, 0x00000000ff900000|100%| E|CS|TAMS 0x00000000ff800000| PB 0x00000000ff800000| Complete 
|2041|0x00000000ff900000, 0x00000000ffa00000, 0x00000000ffa00000|100%| E|CS|TAMS 0x00000000ff900000| PB 0x00000000ff900000| Complete 
|2042|0x00000000ffa00000, 0x00000000ffb00000, 0x00000000ffb00000|100%| O|  |TAMS 0x00000000ffa00000| PB 0x00000000ffa00000| Untracked 
|2043|0x00000000ffb00000, 0x00000000ffc00000, 0x00000000ffc00000|100%| E|CS|TAMS 0x00000000ffb00000| PB 0x00000000ffb00000| Complete 
|2044|0x00000000ffc00000, 0x00000000ffd00000, 0x00000000ffd00000|100%| E|CS|TAMS 0x00000000ffc00000| PB 0x00000000ffc00000| Complete 
|2045|0x00000000ffd00000, 0x00000000ffe00000, 0x00000000ffe00000|100%| O|  |TAMS 0x00000000ffd00000| PB 0x00000000ffd00000| Untracked 
|2046|0x00000000ffe00000, 0x00000000fff00000, 0x00000000fff00000|100%| O|  |TAMS 0x00000000ffe00000| PB 0x00000000ffe00000| Untracked 
|2047|0x00000000fff00000, 0x0000000100000000, 0x0000000100000000|100%| O|  |TAMS 0x00000000fff00000| PB 0x00000000fff00000| Untracked 

Card table byte_map: [0x000001b97c4c0000,0x000001b97c8c0000] _byte_map_base: 0x000001b97c0c0000

Marking Bits: (CMBitMap*) 0x000001b97714e760
 Bits: [0x000001b97c8c0000, 0x000001b97e8c0000)

Polling page: 0x000001b977030000

Metaspace:

Usage:
  Non-class:    118.89 MB used.
      Class:     17.63 MB used.
       Both:    136.52 MB used.

Virtual space:
  Non-class space:      128.00 MB reserved,     119.81 MB ( 94%) committed,  2 nodes.
      Class space:        1.00 GB reserved,      19.06 MB (  2%) committed,  1 nodes.
             Both:        1.12 GB reserved,     138.88 MB ( 12%) committed. 

Chunk freelists:
   Non-Class:  8.33 MB
       Class:  13.60 MB
        Both:  21.93 MB

MaxMetaspaceSize: unlimited
CompressedClassSpaceSize: 1.00 GB
Initial GC threshold: 21.00 MB
Current GC threshold: 231.19 MB
CDS: off
 - commit_granule_bytes: 65536.
 - commit_granule_words: 8192.
 - virtual_space_node_default_size: 8388608.
 - enlarge_chunks_in_place: 1.
 - use_allocation_guard: 0.


Internal statistics:

num_allocs_failed_limit: 9.
num_arena_births: 4630.
num_arena_deaths: 2384.
num_vsnodes_births: 3.
num_vsnodes_deaths: 0.
num_space_committed: 2220.
num_space_uncommitted: 0.
num_chunks_returned_to_freelist: 2674.
num_chunks_taken_from_freelist: 10994.
num_chunk_merges: 960.
num_chunk_splits: 6871.
num_chunks_enlarged: 4429.
num_inconsistent_stats: 0.

CodeHeap 'non-profiled nmethods': size=120064Kb used=11939Kb max_used=12193Kb free=108124Kb
 bounds [0x000001b907ac0000, 0x000001b9086e0000, 0x000001b90f000000]
CodeHeap 'profiled nmethods': size=120000Kb used=25715Kb max_used=32462Kb free=94285Kb
 bounds [0x000001b900000000, 0x000001b901fc0000, 0x000001b907530000]
CodeHeap 'non-nmethods': size=5696Kb used=2220Kb max_used=2264Kb free=3475Kb
 bounds [0x000001b907530000, 0x000001b9077a0000, 0x000001b907ac0000]
 total_blobs=14015 nmethods=13078 adapters=841
 compilation: enabled
              stopped_count=0, restarted_count=0
 full_count=0

Compilation events (20 events):
Event: 2870.124 Thread 0x000001b97ef15d30 nmethod 26658 0x000001b900e65790 code [0x000001b900e65940, 0x000001b900e65a90]
Event: 2870.124 Thread 0x000001b97ef15d30 26659       2       com.android.tools.r8.internal.Ao::hashCode (13 bytes)
Event: 2870.124 Thread 0x000001b97ef15d30 nmethod 26659 0x000001b9010c5b90 code [0x000001b9010c5d40, 0x000001b9010c5e90]
Event: 2870.125 Thread 0x000001b97ef15d30 26660       3       com.android.tools.r8.internal.H20::<init> (41 bytes)
Event: 2870.125 Thread 0x000001b97ef15d30 nmethod 26660 0x000001b901172690 code [0x000001b901172840, 0x000001b901172a38]
Event: 2870.126 Thread 0x000001b97ef15d30 26661       2       com.android.tools.r8.internal.Ep::<init> (13 bytes)
Event: 2870.126 Thread 0x000001b97ef15d30 nmethod 26661 0x000001b901181c90 code [0x000001b901181e40, 0x000001b901181f60]
Event: 2870.128 Thread 0x000001b97ef15d30 26662       2       com.android.tools.r8.graph.L4::D (35 bytes)
Event: 2870.128 Thread 0x000001b97ef15d30 nmethod 26662 0x000001b9011eef10 code [0x000001b9011ef0c0, 0x000001b9011ef270]
Event: 2870.129 Thread 0x000001b97ef15d30 26663       1       java.util.AbstractList$ListItr::nextIndex (5 bytes)
Event: 2870.129 Thread 0x000001b97ef15d30 nmethod 26663 0x000001b907deb710 code [0x000001b907deb8a0, 0x000001b907deb968]
Event: 2870.130 Thread 0x000001b97ef15d30 26664       2       com.android.tools.r8.internal.Co::<init> (24 bytes)
Event: 2870.131 Thread 0x000001b97ef15d30 nmethod 26664 0x000001b901212e10 code [0x000001b901212fc0, 0x000001b901213110]
Event: 2870.132 Thread 0x000001b97ef15d30 26665       2       com.android.tools.r8.internal.Co::hashCode (21 bytes)
Event: 2870.132 Thread 0x000001b97ef15d30 nmethod 26665 0x000001b901251690 code [0x000001b901251840, 0x000001b901251998]
Event: 2870.134 Thread 0x000001b97ef15d30 26667       2       com.android.tools.r8.internal.Rp::<init> (13 bytes)
Event: 2870.134 Thread 0x000001b97ef15d30 nmethod 26667 0x000001b901295e90 code [0x000001b901296040, 0x000001b901296160]
Event: 2870.176 Thread 0x000001b97ef15d30 26668       2       com.android.tools.r8.internal.Ro::<init> (38 bytes)
Event: 2870.176 Thread 0x000001b97ef15d30 nmethod 26668 0x000001b901a27090 code [0x000001b901a27240, 0x000001b901a27460]
Event: 2870.177 Thread 0x000001b97ef15d30 26669       2       com.android.tools.r8.internal.Ro::hashCode (31 bytes)

GC Heap History (20 events):
Event: 1589.252 GC heap before
{Heap before GC invocations=72 (full 0):
 garbage-first heap   total 282624K, used 211968K [0x0000000080000000, 0x0000000100000000)
  region size 1024K, 80 young (81920K), 2 survivors (2048K)
 Metaspace       used 138661K, committed 140928K, reserved 1179648K
  class space    used 18314K, committed 19456K, reserved 1048576K
}
Event: 1589.269 GC heap after
{Heap after GC invocations=73 (full 0):
 garbage-first heap   total 282624K, used 135998K [0x0000000080000000, 0x0000000100000000)
  region size 1024K, 5 young (5120K), 5 survivors (5120K)
 Metaspace       used 138661K, committed 140928K, reserved 1179648K
  class space    used 18314K, committed 19456K, reserved 1048576K
}
Event: 1592.143 GC heap before
{Heap before GC invocations=73 (full 0):
 garbage-first heap   total 282624K, used 249662K [0x0000000080000000, 0x0000000100000000)
  region size 1024K, 101 young (103424K), 5 survivors (5120K)
 Metaspace       used 138807K, committed 141184K, reserved 1179648K
  class space    used 18316K, committed 19520K, reserved 1048576K
}
Event: 1592.208 GC heap after
{Heap after GC invocations=74 (full 0):
 garbage-first heap   total 284672K, used 163840K [0x0000000080000000, 0x0000000100000000)
  region size 1024K, 13 young (13312K), 13 survivors (13312K)
 Metaspace       used 138807K, committed 141184K, reserved 1179648K
  class space    used 18316K, committed 19520K, reserved 1048576K
}
Event: 1594.423 GC heap before
{Heap before GC invocations=74 (full 0):
 garbage-first heap   total 284672K, used 253952K [0x0000000080000000, 0x0000000100000000)
  region size 1024K, 87 young (89088K), 13 survivors (13312K)
 Metaspace       used 138942K, committed 141312K, reserved 1179648K
  class space    used 18317K, committed 19520K, reserved 1048576K
}
Event: 1594.500 GC heap after
{Heap after GC invocations=75 (full 0):
 garbage-first heap   total 284672K, used 160256K [0x0000000080000000, 0x0000000100000000)
  region size 1024K, 10 young (10240K), 10 survivors (10240K)
 Metaspace       used 138942K, committed 141312K, reserved 1179648K
  class space    used 18317K, committed 19520K, reserved 1048576K
}
Event: 1596.775 GC heap before
{Heap before GC invocations=75 (full 0):
 garbage-first heap   total 284672K, used 240128K [0x0000000080000000, 0x0000000100000000)
  region size 1024K, 88 young (90112K), 10 survivors (10240K)
 Metaspace       used 139004K, committed 141376K, reserved 1179648K
  class space    used 18317K, committed 19520K, reserved 1048576K
}
Event: 1596.789 GC heap after
{Heap after GC invocations=76 (full 0):
 garbage-first heap   total 284672K, used 160256K [0x0000000080000000, 0x0000000100000000)
  region size 1024K, 2 young (2048K), 2 survivors (2048K)
 Metaspace       used 139004K, committed 141376K, reserved 1179648K
  class space    used 18317K, committed 19520K, reserved 1048576K
}
Event: 1820.778 GC heap before
{Heap before GC invocations=77 (full 0):
 garbage-first heap   total 284672K, used 254464K [0x0000000080000000, 0x0000000100000000)
  region size 1024K, 86 young (88064K), 2 survivors (2048K)
 Metaspace       used 139162K, committed 141568K, reserved 1179648K
  class space    used 18318K, committed 19520K, reserved 1048576K
}
Event: 1820.800 GC heap after
{Heap after GC invocations=78 (full 0):
 garbage-first heap   total 284672K, used 157553K [0x0000000080000000, 0x0000000100000000)
  region size 1024K, 2 young (2048K), 2 survivors (2048K)
 Metaspace       used 139162K, committed 141568K, reserved 1179648K
  class space    used 18318K, committed 19520K, reserved 1048576K
}
Event: 2850.920 GC heap before
{Heap before GC invocations=78 (full 0):
 garbage-first heap   total 284672K, used 250737K [0x0000000080000000, 0x0000000100000000)
  region size 1024K, 94 young (96256K), 2 survivors (2048K)
 Metaspace       used 139337K, committed 141696K, reserved 1179648K
  class space    used 18324K, committed 19520K, reserved 1048576K
}
Event: 2850.943 GC heap after
{Heap after GC invocations=79 (full 0):
 garbage-first heap   total 284672K, used 137592K [0x0000000080000000, 0x0000000100000000)
  region size 1024K, 3 young (3072K), 3 survivors (3072K)
 Metaspace       used 139337K, committed 141696K, reserved 1179648K
  class space    used 18324K, committed 19520K, reserved 1048576K
}
Event: 2853.060 GC heap before
{Heap before GC invocations=79 (full 0):
 garbage-first heap   total 284672K, used 225656K [0x0000000080000000, 0x0000000100000000)
  region size 1024K, 91 young (93184K), 3 survivors (3072K)
 Metaspace       used 139715K, committed 142016K, reserved 1179648K
  class space    used 18352K, committed 19520K, reserved 1048576K
}
Event: 2853.096 GC heap after
{Heap after GC invocations=80 (full 0):
 garbage-first heap   total 284672K, used 151888K [0x0000000080000000, 0x0000000100000000)
  region size 1024K, 14 young (14336K), 14 survivors (14336K)
 Metaspace       used 139715K, committed 142016K, reserved 1179648K
  class space    used 18352K, committed 19520K, reserved 1048576K
}
Event: 2855.591 GC heap before
{Heap before GC invocations=81 (full 0):
 garbage-first heap   total 284672K, used 263504K [0x0000000080000000, 0x0000000100000000)
  region size 1024K, 110 young (112640K), 14 survivors (14336K)
 Metaspace       used 137124K, committed 142016K, reserved 1179648K
  class space    used 17728K, committed 19520K, reserved 1048576K
}
Event: 2855.688 GC heap after
{Heap after GC invocations=82 (full 0):
 garbage-first heap   total 303104K, used 160256K [0x0000000080000000, 0x0000000100000000)
  region size 1024K, 14 young (14336K), 14 survivors (14336K)
 Metaspace       used 137124K, committed 142016K, reserved 1179648K
  class space    used 17728K, committed 19520K, reserved 1048576K
}
Event: 2858.724 GC heap before
{Heap before GC invocations=82 (full 0):
 garbage-first heap   total 303104K, used 255488K [0x0000000080000000, 0x0000000100000000)
  region size 1024K, 108 young (110592K), 14 survivors (14336K)
 Metaspace       used 137158K, committed 142016K, reserved 1179648K
  class space    used 17728K, committed 19520K, reserved 1048576K
}
Event: 2858.774 GC heap after
{Heap after GC invocations=83 (full 0):
 garbage-first heap   total 303104K, used 145408K [0x0000000080000000, 0x0000000100000000)
  region size 1024K, 3 young (3072K), 3 survivors (3072K)
 Metaspace       used 137158K, committed 142016K, reserved 1179648K
  class space    used 17728K, committed 19520K, reserved 1048576K
}
Event: 2863.428 GC heap before
{Heap before GC invocations=83 (full 0):
 garbage-first heap   total 303104K, used 250880K [0x0000000080000000, 0x0000000100000000)
  region size 1024K, 107 young (109568K), 3 survivors (3072K)
 Metaspace       used 139359K, committed 142016K, reserved 1179648K
  class space    used 18015K, committed 19520K, reserved 1048576K
}
Event: 2863.450 GC heap after
{Heap after GC invocations=84 (full 0):
 garbage-first heap   total 303104K, used 152576K [0x0000000080000000, 0x0000000100000000)
  region size 1024K, 10 young (10240K), 10 survivors (10240K)
 Metaspace       used 139359K, committed 142016K, reserved 1179648K
  class space    used 18015K, committed 19520K, reserved 1048576K
}

Dll operation events (3 events):
Event: 0.208 Loaded shared library D:\android studio\jbr\bin\java.dll
Event: 0.265 Loaded shared library D:\android studio\jbr\bin\zip.dll
Event: 20.954 Loaded shared library D:\android studio\jbr\bin\verify.dll

Deoptimization events (20 events):
Event: 2868.380 Thread 0x000001b918608550 DEOPT PACKING pc=0x000001b9086b23d4 sp=0x000000b5103fdf10
Event: 2868.380 Thread 0x000001b918608550 DEOPT UNPACKING pc=0x000001b90758469c sp=0x000000b5103fdd78 mode 2
Event: 2868.383 Thread 0x000001b918608550 Uncommon trap: trap_request=0xffffffbe fr.pc=0x000001b9086b23d4 relative=0x0000000000004974
Event: 2868.383 Thread 0x000001b918608550 Uncommon trap: reason=profile_predicate action=maybe_recompile pc=0x000001b9086b23d4 method=com.android.tools.r8.internal.jl.D(Ljava/lang/String;)Z @ 50 c2
Event: 2868.383 Thread 0x000001b918608550 DEOPT PACKING pc=0x000001b9086b23d4 sp=0x000000b5103fdf10
Event: 2868.383 Thread 0x000001b918608550 DEOPT UNPACKING pc=0x000001b90758469c sp=0x000000b5103fdd78 mode 2
Event: 2868.386 Thread 0x000001b918608550 Uncommon trap: trap_request=0xffffffbe fr.pc=0x000001b9086b23d4 relative=0x0000000000004974
Event: 2868.386 Thread 0x000001b918608550 Uncommon trap: reason=profile_predicate action=maybe_recompile pc=0x000001b9086b23d4 method=com.android.tools.r8.internal.jl.D(Ljava/lang/String;)Z @ 50 c2
Event: 2868.386 Thread 0x000001b918608550 DEOPT PACKING pc=0x000001b9086b23d4 sp=0x000000b5103fdf10
Event: 2868.386 Thread 0x000001b918608550 DEOPT UNPACKING pc=0x000001b90758469c sp=0x000000b5103fdd78 mode 2
Event: 2868.413 Thread 0x000001b918608550 DEOPT PACKING pc=0x000001b9007af570 sp=0x000000b5103fdd50
Event: 2868.413 Thread 0x000001b918608550 DEOPT UNPACKING pc=0x000001b907584e23 sp=0x000000b5103fd258 mode 0
Event: 2868.793 Thread 0x000001b918608550 Uncommon trap: trap_request=0xffffff45 fr.pc=0x000001b907f4c1d8 relative=0x0000000000000198
Event: 2868.793 Thread 0x000001b918608550 Uncommon trap: reason=unstable_if action=reinterpret pc=0x000001b907f4c1d8 method=com.android.tools.r8.graph.M2.a([C)I @ 45 c2
Event: 2868.793 Thread 0x000001b918608550 DEOPT PACKING pc=0x000001b907f4c1d8 sp=0x000000b5103fde50
Event: 2868.793 Thread 0x000001b918608550 DEOPT UNPACKING pc=0x000001b90758469c sp=0x000000b5103fddd8 mode 2
Event: 2869.951 Thread 0x000001b920e48df0 DEOPT PACKING pc=0x000001b900393129 sp=0x000000b5105fe740
Event: 2869.951 Thread 0x000001b920e48df0 DEOPT UNPACKING pc=0x000001b907584e23 sp=0x000000b5105fdd28 mode 0
Event: 2870.047 Thread 0x000001b920e48df0 DEOPT PACKING pc=0x000001b900b675b8 sp=0x000000b5105fe640
Event: 2870.047 Thread 0x000001b920e48df0 DEOPT UNPACKING pc=0x000001b907584e23 sp=0x000000b5105fdb60 mode 0

Classes loaded (20 events):
Event: 2863.267 Loading class sun/nio/cs/US_ASCII$Encoder
Event: 2863.267 Loading class sun/nio/cs/US_ASCII$Encoder done
Event: 2863.267 Loading class sun/nio/cs/Surrogate$Parser
Event: 2863.267 Loading class sun/nio/cs/Surrogate$Parser done
Event: 2863.267 Loading class sun/nio/cs/Surrogate
Event: 2863.267 Loading class sun/nio/cs/Surrogate done
Event: 2863.267 Loading class java/nio/StringCharBuffer
Event: 2863.267 Loading class java/nio/StringCharBuffer done
Event: 2863.269 Loading class sun/nio/cs/ThreadLocalCoders
Event: 2863.269 Loading class sun/nio/cs/ThreadLocalCoders done
Event: 2863.269 Loading class sun/nio/cs/ThreadLocalCoders$1
Event: 2863.269 Loading class sun/nio/cs/ThreadLocalCoders$Cache
Event: 2863.269 Loading class sun/nio/cs/ThreadLocalCoders$Cache done
Event: 2863.269 Loading class sun/nio/cs/ThreadLocalCoders$1 done
Event: 2863.269 Loading class sun/nio/cs/ThreadLocalCoders$2
Event: 2863.269 Loading class sun/nio/cs/ThreadLocalCoders$2 done
Event: 2863.307 Loading class java/util/TreeMap$AscendingSubMap
Event: 2863.307 Loading class java/util/TreeMap$AscendingSubMap done
Event: 2863.307 Loading class java/util/TreeMap$NavigableSubMap$SubMapKeyIterator
Event: 2863.307 Loading class java/util/TreeMap$NavigableSubMap$SubMapKeyIterator done

Classes unloaded (20 events):
Event: 2853.328 Thread 0x000001b97ee6b050 Unloading class 0x00000001001a1000 'java/lang/invoke/LambdaForm$MH+0x00000001001a1000'
Event: 2853.328 Thread 0x000001b97ee6b050 Unloading class 0x00000001001a0c00 'java/lang/invoke/LambdaForm$MH+0x00000001001a0c00'
Event: 2853.328 Thread 0x000001b97ee6b050 Unloading class 0x00000001001a0800 'java/lang/invoke/LambdaForm$MH+0x00000001001a0800'
Event: 2853.328 Thread 0x000001b97ee6b050 Unloading class 0x00000001001a0400 'java/lang/invoke/LambdaForm$BMH+0x00000001001a0400'
Event: 2853.328 Thread 0x000001b97ee6b050 Unloading class 0x000000010017d000 'java/lang/invoke/LambdaForm$MH+0x000000010017d000'
Event: 2853.328 Thread 0x000001b97ee6b050 Unloading class 0x000000010017cc00 'java/lang/invoke/LambdaForm$MH+0x000000010017cc00'
Event: 2853.328 Thread 0x000001b97ee6b050 Unloading class 0x000000010017c800 'java/lang/invoke/LambdaForm$MH+0x000000010017c800'
Event: 2853.328 Thread 0x000001b97ee6b050 Unloading class 0x0000000100162800 'java/lang/invoke/LambdaForm$MH+0x0000000100162800'
Event: 2853.328 Thread 0x000001b97ee6b050 Unloading class 0x0000000100162400 'java/lang/invoke/LambdaForm$MH+0x0000000100162400'
Event: 2853.328 Thread 0x000001b97ee6b050 Unloading class 0x0000000100161c00 'java/lang/invoke/LambdaForm$MH+0x0000000100161c00'
Event: 2853.328 Thread 0x000001b97ee6b050 Unloading class 0x0000000100161800 'java/lang/invoke/LambdaForm$MH+0x0000000100161800'
Event: 2853.328 Thread 0x000001b97ee6b050 Unloading class 0x000000010014c000 'java/lang/invoke/LambdaForm$DMH+0x000000010014c000'
Event: 2853.328 Thread 0x000001b97ee6b050 Unloading class 0x0000000100144000 'java/lang/invoke/LambdaForm$MH+0x0000000100144000'
Event: 2853.328 Thread 0x000001b97ee6b050 Unloading class 0x00000001000f2000 'java/lang/invoke/LambdaForm$MH+0x00000001000f2000'
Event: 2853.328 Thread 0x000001b97ee6b050 Unloading class 0x00000001000f1c00 'java/lang/invoke/LambdaForm$MH+0x00000001000f1c00'
Event: 2853.328 Thread 0x000001b97ee6b050 Unloading class 0x00000001000f0000 'java/lang/invoke/LambdaForm$MH+0x00000001000f0000'
Event: 2853.328 Thread 0x000001b97ee6b050 Unloading class 0x00000001000c1c00 'java/lang/invoke/LambdaForm$MH+0x00000001000c1c00'
Event: 2853.328 Thread 0x000001b97ee6b050 Unloading class 0x00000001000c1800 'java/lang/invoke/LambdaForm$MH+0x00000001000c1800'
Event: 2853.328 Thread 0x000001b97ee6b050 Unloading class 0x00000001000c1400 'java/lang/invoke/LambdaForm$MH+0x00000001000c1400'
Event: 2853.328 Thread 0x000001b97ee6b050 Unloading class 0x00000001000c0c00 'java/lang/invoke/LambdaForm$MH+0x00000001000c0c00'

Classes redefined (0 events):
No events

Internal exceptions (20 events):
Event: 2861.897 Thread 0x000001b918609f90 Exception <a 'sun/nio/fs/WindowsException'{0x000000008eb79208}> (0x000000008eb79208) 
thrown [s\src\hotspot\share\prims\jni.cpp, line 535]
Event: 2861.897 Thread 0x000001b918609f90 Exception <a 'sun/nio/fs/WindowsException'{0x000000008eb793a8}> (0x000000008eb793a8) 
thrown [s\src\hotspot\share\prims\jni.cpp, line 535]
Event: 2861.897 Thread 0x000001b918609f90 Exception <a 'sun/nio/fs/WindowsException'{0x000000008eb7a4d8}> (0x000000008eb7a4d8) 
thrown [s\src\hotspot\share\prims\jni.cpp, line 535]
Event: 2861.897 Thread 0x000001b918609f90 Exception <a 'sun/nio/fs/WindowsException'{0x000000008eb7b660}> (0x000000008eb7b660) 
thrown [s\src\hotspot\share\prims\jni.cpp, line 535]
Event: 2861.897 Thread 0x000001b918609f90 Exception <a 'sun/nio/fs/WindowsException'{0x000000008eb7b810}> (0x000000008eb7b810) 
thrown [s\src\hotspot\share\prims\jni.cpp, line 535]
Event: 2861.897 Thread 0x000001b918609f90 Exception <a 'sun/nio/fs/WindowsException'{0x000000008eb7c8e0}> (0x000000008eb7c8e0) 
thrown [s\src\hotspot\share\prims\jni.cpp, line 535]
Event: 2861.897 Thread 0x000001b918609f90 Exception <a 'sun/nio/fs/WindowsException'{0x000000008eb7d7c0}> (0x000000008eb7d7c0) 
thrown [s\src\hotspot\share\prims\jni.cpp, line 535]
Event: 2861.897 Thread 0x000001b918609f90 Exception <a 'sun/nio/fs/WindowsException'{0x000000008eb7d940}> (0x000000008eb7d940) 
thrown [s\src\hotspot\share\prims\jni.cpp, line 535]
Event: 2861.897 Thread 0x000001b918609f90 Exception <a 'sun/nio/fs/WindowsException'{0x000000008eb7ea38}> (0x000000008eb7ea38) 
thrown [s\src\hotspot\share\prims\jni.cpp, line 535]
Event: 2861.963 Thread 0x000001b91860cd80 Exception <a 'sun/nio/fs/WindowsException'{0x000000008ea68db8}> (0x000000008ea68db8) 
thrown [s\src\hotspot\share\prims\jni.cpp, line 535]
Event: 2862.042 Thread 0x000001b91860cd80 Exception <a 'sun/nio/fs/WindowsException'{0x000000008e85bed0}> (0x000000008e85bed0) 
thrown [s\src\hotspot\share\prims\jni.cpp, line 535]
Event: 2862.042 Thread 0x000001b91860cd80 Exception <a 'sun/nio/fs/WindowsException'{0x000000008e85d060}> (0x000000008e85d060) 
thrown [s\src\hotspot\share\prims\jni.cpp, line 535]
Event: 2862.042 Thread 0x000001b91860cd80 Exception <a 'sun/nio/fs/WindowsException'{0x000000008e85d1e0}> (0x000000008e85d1e0) 
thrown [s\src\hotspot\share\prims\jni.cpp, line 535]
Event: 2862.069 Thread 0x000001b91860cd80 Exception <a 'java/lang/NoSuchMethodError'{0x000000008e764528}: static Lcom/android/build/gradle/internal/tasks/MergeJavaResWorkAction$SourcedInput;.<clinit>()V> (0x000000008e764528) 
thrown [s\src\hotspot\share\prims\jni.cpp, line 1135]
Event: 2862.099 Thread 0x000001b920e47a40 Exception <a 'sun/nio/fs/WindowsException'{0x000000008e695d38}> (0x000000008e695d38) 
thrown [s\src\hotspot\share\prims\jni.cpp, line 535]
Event: 2862.099 Thread 0x000001b920e47a40 Exception <a 'sun/nio/fs/WindowsException'{0x000000008e696038}> (0x000000008e696038) 
thrown [s\src\hotspot\share\prims\jni.cpp, line 535]
Event: 2862.231 Thread 0x000001b920e47a40 Implicit null exception at 0x000001b907bc059a to 0x000001b907bc0a50
Event: 2863.304 Thread 0x000001b920e47a40 Implicit null exception at 0x000001b907cef478 to 0x000001b907cef4ec
Event: 2863.304 Thread 0x000001b920e47a40 Implicit null exception at 0x000001b9084731de to 0x000001b9084731f5
Event: 2864.672 Thread 0x000001b918608550 Exception <a 'java/io/IOException'{0x00000000fec1a9a0}> (0x00000000fec1a9a0) 
thrown [s\src\hotspot\share\prims\jni.cpp, line 535]

ZGC Phase Switch (0 events):
No events

VM Operations (20 events):
Event: 2863.253 Executing VM operation: HandshakeAllThreads (Deoptimize)
Event: 2863.253 Executing VM operation: HandshakeAllThreads (Deoptimize) done
Event: 2863.428 Executing VM operation: G1CollectForAllocation (G1 Evacuation Pause)
Event: 2863.450 Executing VM operation: G1CollectForAllocation (G1 Evacuation Pause) done
Event: 2863.711 Executing VM operation: G1PauseRemark
Event: 2863.733 Executing VM operation: G1PauseRemark done
Event: 2863.878 Executing VM operation: G1PauseCleanup
Event: 2863.878 Executing VM operation: G1PauseCleanup done
Event: 2864.886 Executing VM operation: Cleanup
Event: 2864.886 Executing VM operation: Cleanup done
Event: 2865.897 Executing VM operation: Cleanup
Event: 2865.897 Executing VM operation: Cleanup done
Event: 2866.905 Executing VM operation: Cleanup
Event: 2866.905 Executing VM operation: Cleanup done
Event: 2867.910 Executing VM operation: Cleanup
Event: 2867.927 Executing VM operation: Cleanup done
Event: 2868.930 Executing VM operation: Cleanup
Event: 2868.930 Executing VM operation: Cleanup done
Event: 2869.945 Executing VM operation: Cleanup
Event: 2869.945 Executing VM operation: Cleanup done

Memory protections (0 events):
No events

Nmethod flushes (20 events):
Event: 2863.731 Thread 0x000001b97ee6b050 flushing  nmethod 0x000001b901f29890
Event: 2863.731 Thread 0x000001b97ee6b050 flushing  nmethod 0x000001b901f29c90
Event: 2863.731 Thread 0x000001b97ee6b050 flushing  nmethod 0x000001b901f2a090
Event: 2863.731 Thread 0x000001b97ee6b050 flushing  nmethod 0x000001b901f2c090
Event: 2863.731 Thread 0x000001b97ee6b050 flushing  nmethod 0x000001b901f2ea90
Event: 2863.731 Thread 0x000001b97ee6b050 flushing  nmethod 0x000001b901f4bc10
Event: 2863.731 Thread 0x000001b97ee6b050 flushing  nmethod 0x000001b901f4e290
Event: 2863.731 Thread 0x000001b97ee6b050 flushing  nmethod 0x000001b901f54390
Event: 2863.731 Thread 0x000001b97ee6b050 flushing  nmethod 0x000001b901f5a010
Event: 2863.731 Thread 0x000001b97ee6b050 flushing  nmethod 0x000001b901f5a510
Event: 2863.731 Thread 0x000001b97ee6b050 flushing  nmethod 0x000001b901f5cf10
Event: 2863.731 Thread 0x000001b97ee6b050 flushing  nmethod 0x000001b901f5d290
Event: 2863.731 Thread 0x000001b97ee6b050 flushing  nmethod 0x000001b901f5f090
Event: 2863.731 Thread 0x000001b97ee6b050 flushing  nmethod 0x000001b901f71110
Event: 2863.731 Thread 0x000001b97ee6b050 flushing  nmethod 0x000001b901f71910
Event: 2863.731 Thread 0x000001b97ee6b050 flushing  nmethod 0x000001b901f74090
Event: 2863.731 Thread 0x000001b97ee6b050 flushing  nmethod 0x000001b901f74590
Event: 2863.731 Thread 0x000001b97ee6b050 flushing  nmethod 0x000001b901f7a110
Event: 2863.731 Thread 0x000001b97ee6b050 flushing  nmethod 0x000001b901f94d10
Event: 2863.731 Thread 0x000001b97ee6b050 flushing  nmethod 0x000001b901f9ab90

Events (20 events):
Event: 2851.785 Thread 0x000001b9174b5950 Thread added: 0x000001b91860cd80
Event: 2851.787 Thread 0x000001b91860cd80 Thread added: 0x000001b918609f90
Event: 2851.789 Thread 0x000001b91860cd80 Thread added: 0x000001b918607830
Event: 2851.971 Thread 0x000001b918609f90 Thread added: 0x000001b918608550
Event: 2852.193 Thread 0x000001b91860cd80 Thread added: 0x000001b91860b340
Event: 2852.299 Thread 0x000001b91860cd80 Thread added: 0x000001b9186071a0
Event: 2861.193 Thread 0x000001b918609f90 Thread added: 0x000001b920e47a40
Event: 2861.808 Thread 0x000001b918609f90 Thread added: 0x000001b920e4bbe0
Event: 2861.911 Thread 0x000001b918608550 Thread added: 0x000001b920e46d20
Event: 2861.920 Thread 0x000001b918608550 Thread added: 0x000001b920e48df0
Event: 2861.920 Thread 0x000001b918608550 Thread added: 0x000001b920e4d620
Event: 2861.972 Thread 0x000001b91860cd80 Thread added: 0x000001b920e49b10
Event: 2863.301 Thread 0x000001b9186071a0 Thread exited: 0x000001b9186071a0
Event: 2864.668 Thread 0x000001b920e4d620 Thread exited: 0x000001b920e4d620
Event: 2864.669 Thread 0x000001b920e48df0 Thread exited: 0x000001b920e48df0
Event: 2864.673 Thread 0x000001b920e46d20 Thread exited: 0x000001b920e46d20
Event: 2866.066 Thread 0x000001b920e47a40 Thread added: 0x000001b920e48df0
Event: 2868.261 Thread 0x000001b920e48df0 Thread exited: 0x000001b920e48df0
Event: 2869.563 Thread 0x000001b918608550 Thread added: 0x000001b920e48df0
Event: 2869.629 Thread 0x000001b920e48df0 Thread added: 0x000001b920e4d620


Dynamic libraries:
0x00007ff784500000 - 0x00007ff78450a000 	D:\android studio\jbr\bin\java.exe
0x00007ffeca850000 - 0x00007ffecaa48000 	C:\Windows\SYSTEM32\ntdll.dll
0x00007ffec8cd0000 - 0x00007ffec8d92000 	C:\Windows\System32\KERNEL32.DLL
0x00007ffec8090000 - 0x00007ffec8386000 	C:\Windows\System32\KERNELBASE.dll
0x00007ffec4590000 - 0x00007ffec4624000 	C:\Windows\SYSTEM32\apphelp.dll
0x00007ffec8590000 - 0x00007ffec8690000 	C:\Windows\System32\ucrtbase.dll
0x00007ffeb44a0000 - 0x00007ffeb44b8000 	D:\android studio\jbr\bin\jli.dll
0x00007ffec9e50000 - 0x00007ffec9fed000 	C:\Windows\System32\USER32.dll
0x00007ffec8690000 - 0x00007ffec86b2000 	C:\Windows\System32\win32u.dll
0x00007ffec8a40000 - 0x00007ffec8a6b000 	C:\Windows\System32\GDI32.dll
0x00007ffec8750000 - 0x00007ffec886a000 	C:\Windows\System32\gdi32full.dll
0x00007ffec84f0000 - 0x00007ffec858d000 	C:\Windows\System32\msvcp_win.dll
0x00007ffeb8400000 - 0x00007ffeb869a000 	C:\Windows\WinSxS\amd64_microsoft.windows.common-controls_6595b64144ccf1df_6.0.19041.4355_none_60b8b9eb71f62e16\COMCTL32.dll
0x00007ffec8870000 - 0x00007ffec890e000 	C:\Windows\System32\msvcrt.dll
0x00007ffeac3c0000 - 0x00007ffeac3db000 	D:\android studio\jbr\bin\VCRUNTIME140.dll
0x00007ffec9cf0000 - 0x00007ffec9d1f000 	C:\Windows\System32\IMM32.DLL
0x00007ffec40d0000 - 0x00007ffec40dc000 	D:\android studio\jbr\bin\vcruntime140_1.dll
0x00007ffe9bfe0000 - 0x00007ffe9c06d000 	D:\android studio\jbr\bin\msvcp140.dll
0x00007ffe5ee60000 - 0x00007ffe5faeb000 	D:\android studio\jbr\bin\server\jvm.dll
0x00007ffec9da0000 - 0x00007ffec9e4f000 	C:\Windows\System32\ADVAPI32.dll
0x00007ffec8c30000 - 0x00007ffec8ccf000 	C:\Windows\System32\sechost.dll
0x00007ffec8910000 - 0x00007ffec8a33000 	C:\Windows\System32\RPCRT4.dll
0x00007ffec7fe0000 - 0x00007ffec8007000 	C:\Windows\System32\bcrypt.dll
0x00007ffec9750000 - 0x00007ffec97bb000 	C:\Windows\System32\WS2_32.dll
0x00007ffec7d40000 - 0x00007ffec7d8b000 	C:\Windows\SYSTEM32\POWRPROF.dll
0x00007ffeb4110000 - 0x00007ffeb4137000 	C:\Windows\SYSTEM32\WINMM.dll
0x00007ffeb6e30000 - 0x00007ffeb6e3a000 	C:\Windows\SYSTEM32\VERSION.dll
0x00007ffec7d20000 - 0x00007ffec7d32000 	C:\Windows\SYSTEM32\UMPDC.dll
0x00007ffec6970000 - 0x00007ffec6982000 	C:\Windows\SYSTEM32\kernel.appcore.dll
0x00007ffec2890000 - 0x00007ffec289a000 	D:\android studio\jbr\bin\jimage.dll
0x00007ffec6250000 - 0x00007ffec6434000 	C:\Windows\SYSTEM32\DBGHELP.DLL
0x00007ffeb1440000 - 0x00007ffeb1474000 	C:\Windows\SYSTEM32\dbgcore.DLL
0x00007ffec86c0000 - 0x00007ffec8742000 	C:\Windows\System32\bcryptPrimitives.dll
0x00007ffec0700000 - 0x00007ffec070e000 	D:\android studio\jbr\bin\instrument.dll
0x00007ffeab9d0000 - 0x00007ffeab9f0000 	D:\android studio\jbr\bin\java.dll
0x00007ffea8030000 - 0x00007ffea8048000 	D:\android studio\jbr\bin\zip.dll
0x00007ffeca0a0000 - 0x00007ffeca80f000 	C:\Windows\System32\SHELL32.dll
0x00007ffec5980000 - 0x00007ffec6123000 	C:\Windows\SYSTEM32\windows.storage.dll
0x00007ffec8fb0000 - 0x00007ffec9305000 	C:\Windows\System32\combase.dll
0x00007ffec7840000 - 0x00007ffec786b000 	C:\Windows\SYSTEM32\Wldp.dll
0x00007ffec9620000 - 0x00007ffec96ed000 	C:\Windows\System32\OLEAUT32.dll
0x00007ffec97c0000 - 0x00007ffec986d000 	C:\Windows\System32\SHCORE.dll
0x00007ffec9490000 - 0x00007ffec94e5000 	C:\Windows\System32\shlwapi.dll
0x00007ffec7e10000 - 0x00007ffec7e35000 	C:\Windows\SYSTEM32\profapi.dll
0x00007ffec2820000 - 0x00007ffec2830000 	D:\android studio\jbr\bin\net.dll
0x00007ffebb750000 - 0x00007ffebb85a000 	C:\Windows\SYSTEM32\WINHTTP.dll
0x00007ffec75a0000 - 0x00007ffec760c000 	C:\Windows\system32\mswsock.dll
0x00007ffea6ba0000 - 0x00007ffea6bb6000 	D:\android studio\jbr\bin\nio.dll
0x00007ffec2880000 - 0x00007ffec2890000 	D:\android studio\jbr\bin\verify.dll
0x00007ffebb8e0000 - 0x00007ffebb907000 	C:\Users\flmng\.gradle\native\c067742578af261105cb4f569cf0c3c89f3d7b1fecec35dd04571415982c5e48\windows-amd64\native-platform.dll
0x00007ffe98260000 - 0x00007ffe983a4000 	C:\Users\flmng\.gradle\native\100fb08df4bc3b14c8652ba06237920a3bd2aa13389f12d3474272988ae205f9\windows-amd64\native-platform-file-events.dll
0x00007ffec17b0000 - 0x00007ffec17b9000 	D:\android studio\jbr\bin\management.dll
0x00007ffec0660000 - 0x00007ffec066b000 	D:\android studio\jbr\bin\management_ext.dll
0x00007ffec8a70000 - 0x00007ffec8a78000 	C:\Windows\System32\PSAPI.DLL
0x00007ffec77a0000 - 0x00007ffec77b8000 	C:\Windows\SYSTEM32\CRYPTSP.dll
0x00007ffec6ec0000 - 0x00007ffec6ef8000 	C:\Windows\system32\rsaenh.dll
0x00007ffec7dd0000 - 0x00007ffec7dfe000 	C:\Windows\SYSTEM32\USERENV.dll
0x00007ffec7790000 - 0x00007ffec779c000 	C:\Windows\SYSTEM32\CRYPTBASE.dll
0x00007ffec7280000 - 0x00007ffec72bb000 	C:\Windows\SYSTEM32\IPHLPAPI.DLL
0x00007ffec9480000 - 0x00007ffec9488000 	C:\Windows\System32\NSI.dll
0x00007ffec21e0000 - 0x00007ffec21e9000 	D:\android studio\jbr\bin\extnet.dll
0x00007ffea6560000 - 0x00007ffea6567000 	C:\Windows\system32\wshunix.dll
0x00007ffec7110000 - 0x00007ffec7143000 	C:\Windows\SYSTEM32\ntmarta.dll

dbghelp: loaded successfully - version: 4.0.5 - missing functions: none
symbol engine: initialized successfully - sym options: 0x614 - pdb path: .;D:\android studio\jbr\bin;C:\Windows\SYSTEM32;C:\Windows\WinSxS\amd64_microsoft.windows.common-controls_6595b64144ccf1df_6.0.19041.4355_none_60b8b9eb71f62e16;D:\android studio\jbr\bin\server;C:\Users\flmng\.gradle\native\c067742578af261105cb4f569cf0c3c89f3d7b1fecec35dd04571415982c5e48\windows-amd64;C:\Users\flmng\.gradle\native\100fb08df4bc3b14c8652ba06237920a3bd2aa13389f12d3474272988ae205f9\windows-amd64

VM Arguments:
jvm_args: --add-opens=java.base/java.lang=ALL-UNNAMED --add-opens=java.base/java.lang.invoke=ALL-UNNAMED --add-opens=java.base/java.util=ALL-UNNAMED --add-opens=java.prefs/java.util.prefs=ALL-UNNAMED --add-exports=jdk.compiler/com.sun.tools.javac.api=ALL-UNNAMED --add-exports=jdk.compiler/com.sun.tools.javac.util=ALL-UNNAMED --add-opens=java.base/java.util=ALL-UNNAMED --add-opens=java.prefs/java.util.prefs=ALL-UNNAMED --add-opens=java.base/java.nio.charset=ALL-UNNAMED --add-opens=java.base/java.net=ALL-UNNAMED --add-opens=java.base/java.util.concurrent.atomic=ALL-UNNAMED --add-opens=java.xml/javax.xml.namespace=ALL-UNNAMED -Xmx2048m -Dfile.encoding=UTF-8 -Duser.country=RU -Duser.language=ru -Duser.variant -javaagent:C:\Users\flmng\.gradle\wrapper\dists\gradle-8.11.1-bin\bpt9gzteqjrbo1mjrsomdt32c\gradle-8.11.1\lib\agents\gradle-instrumentation-agent-8.11.1.jar 
java_command: org.gradle.launcher.daemon.bootstrap.GradleDaemon 8.11.1
java_class_path (initial): C:\Users\flmng\.gradle\wrapper\dists\gradle-8.11.1-bin\bpt9gzteqjrbo1mjrsomdt32c\gradle-8.11.1\lib\gradle-daemon-main-8.11.1.jar
Launcher Type: SUN_STANDARD

[Global flags]
     intx CICompilerCount                          = 2                                         {product} {ergonomic}
     uint ConcGCThreads                            = 1                                         {product} {ergonomic}
     uint G1ConcRefinementThreads                  = 2                                         {product} {ergonomic}
   size_t G1HeapRegionSize                         = 1048576                                   {product} {ergonomic}
    uintx GCDrainStackTargetSize                   = 64                                        {product} {ergonomic}
   size_t InitialHeapSize                          = 201326592                                 {product} {ergonomic}
   size_t MarkStackSize                            = 4194304                                   {product} {ergonomic}
   size_t MaxHeapSize                              = 2147483648                                {product} {command line}
   size_t MaxNewSize                               = 1287651328                                {product} {ergonomic}
   size_t MinHeapDeltaBytes                        = 1048576                                   {product} {ergonomic}
   size_t MinHeapSize                              = 8388608                                   {product} {ergonomic}
    uintx NonNMethodCodeHeapSize                   = 5826188                                {pd product} {ergonomic}
    uintx NonProfiledCodeHeapSize                  = 122916026                              {pd product} {ergonomic}
    uintx ProfiledCodeHeapSize                     = 122916026                              {pd product} {ergonomic}
    uintx ReservedCodeCacheSize                    = 251658240                              {pd product} {ergonomic}
     bool SegmentedCodeCache                       = true                                      {product} {ergonomic}
   size_t SoftMaxHeapSize                          = 2147483648                             {manageable} {ergonomic}
     bool UseCompressedOops                        = true                           {product lp64_product} {ergonomic}
     bool UseG1GC                                  = true                                      {product} {ergonomic}
     bool UseLargePagesIndividualAllocation        = false                                  {pd product} {ergonomic}

Logging:
Log output configuration:
 #0: stdout all=warning uptime,level,tags foldmultilines=false
 #1: stderr all=off uptime,level,tags foldmultilines=false

Environment Variables:
PATH=C:\Windows\system32;C:\Windows;C:\Windows\System32\Wbem;C:\Windows\System32\WindowsPowerShell\v1.0\;C:\Windows\System32\OpenSSH\;C:\Program Files\AmneziaWG\;C:\Users\flmng\AppData\Local\Programs\Python\Launcher\;C:\Users\flmng\AppData\Local\Microsoft\WindowsApps;
USERNAME=flmng
OS=Windows_NT
PROCESSOR_IDENTIFIER=Intel64 Family 6 Model 61 Stepping 4, GenuineIntel
TMP=C:\Users\flmng\AppData\Local\Temp
TEMP=C:\Users\flmng\AppData\Local\Temp




Periodic native trim disabled

JNI global refs:
JNI global refs: 27, weak refs: 24

JNI global refs memory usage: 835, weak refs: 833

Process memory usage:
Resident Set Size: 665856K (5% of 12495952K total physical memory with 2899052K free physical memory)

OOME stack traces (most recent first):
Classloader memory used:
Loader org.gradle.internal.classloader.VisitableURLClassLoader$InstrumentingVisitableURLClassLoader: 52629K
Loader org.gradle.internal.classloader.VisitableURLClassLoader                         : 43673K
Loader bootstrap                                                                       : 29555K
Loader org.gradle.initialization.MixInLegacyTypesClassLoader                           : 12354K
Loader jdk.internal.reflect.DelegatingClassLoader                                      : 617K
Loader jdk.internal.loader.ClassLoaders$PlatformClassLoader                            : 563K
Loader jdk.internal.loader.ClassLoaders$AppClassLoader                                 : 240K
Loader org.gradle.internal.classloader.VisitableURLClassLoader                         : 159K
Loader sun.reflect.misc.MethodUtil                                                     : 2992B


[error occurred during error reporting (Classloader stats), id 0xe0000001, Out of Memory Error (s\src\hotspot\share\memory\arena.cpp:168)]
---------------  S Y S T E M  ---------------

OS:
 Windows 10 , 64 bit Build 19041 (10.0.19041.5678)
OS uptime: 0 days 14:44 hours

CPU: total 2 (initial active 2) (2 cores per cpu, 1 threads per core) family 6 model 61 stepping 4 microcode 0x2d, cx8, cmov, fxsr, mmx, 3dnowpref, sse, sse2, sse3, ssse3, sse4.1, sse4.2, popcnt, lzcnt, tsc, tscinvbit, erms, clmul, clflush, rdtscp
Processor Information for the first 2 processors :
  Max Mhz: 1901, Current Mhz: 1901, Mhz Limit: 1901

Memory: 4k page, system-wide physical 12203M (2828M free)
TotalPageFile size 20575M (AvailPageFile size 5M)
current process WorkingSet (physical memory assigned to process): 651M, peak: 651M
current process commit charge ("private bytes"): 688M, peak: 688M

vm_info: OpenJDK 64-Bit Server VM (21.0.6+-13355223-b631.42) for windows-amd64 JRE (21.0.6+-13355223-b631.42), built on 2025-04-14T18:21:23Z by "builder" with MS VC++ 16.10 / 16.11 (VS2019)

END.
